<?xml version="1.0" encoding="UTF-8"?>
<coverage generated="1735502251848" clover="3.2.0">
  <project timestamp="1735502251848" name="All files">
    <metrics statements="237" coveredstatements="193" conditionals="82" coveredconditionals="54" methods="92" coveredmethods="79" elements="411" coveredelements="326" complexity="0" loc="237" ncloc="237" packages="2" files="11" classes="11"/>
    <package name="backend">
      <metrics statements="107" coveredstatements="96" conditionals="24" coveredconditionals="17" methods="47" coveredmethods="41"/>
      <file name="cookies.tsx" path="C:\Users\c_mil\Desktop\Dev\TypeScript\care-central\src\componants\backend\cookies.tsx">
        <metrics statements="9" coveredstatements="7" conditionals="4" coveredconditionals="1" methods="3" coveredmethods="2"/>
        <line num="4" count="2" type="stmt"/>
        <line num="5" count="0" type="cond" truecount="0" falsecount="2"/>
        <line num="7" count="2" type="stmt"/>
        <line num="8" count="14" type="stmt"/>
        <line num="9" count="14" type="cond" truecount="1" falsecount="1"/>
        <line num="10" count="14" type="stmt"/>
        <line num="12" count="0" type="stmt"/>
        <line num="14" count="2" type="stmt"/>
        <line num="15" count="14" type="stmt"/>
      </file>
      <file name="fetchData.tsx" path="C:\Users\c_mil\Desktop\Dev\TypeScript\care-central\src\componants\backend\fetchData.tsx">
        <metrics statements="98" coveredstatements="89" conditionals="20" coveredconditionals="16" methods="44" coveredmethods="39"/>
        <line num="15" count="6" type="stmt"/>
        <line num="18" count="12" type="stmt"/>
        <line num="19" count="12" type="stmt"/>
        <line num="20" count="8" type="stmt"/>
        <line num="22" count="8" type="stmt"/>
        <line num="23" count="8" type="stmt"/>
        <line num="24" count="8" type="cond" truecount="2" falsecount="0"/>
        <line num="25" count="6" type="stmt"/>
        <line num="27" count="8" type="cond" truecount="2" falsecount="0"/>
        <line num="28" count="6" type="stmt"/>
        <line num="30" count="8" type="cond" truecount="2" falsecount="0"/>
        <line num="31" count="6" type="stmt"/>
        <line num="33" count="8" type="cond" truecount="2" falsecount="0"/>
        <line num="34" count="7" type="stmt"/>
        <line num="35" count="6" type="stmt"/>
        <line num="37" count="6" type="stmt"/>
        <line num="38" count="2" type="stmt"/>
        <line num="39" count="2" type="stmt"/>
        <line num="40" count="2" type="stmt"/>
        <line num="42" count="6" type="stmt"/>
        <line num="45" count="1" type="stmt"/>
        <line num="46" count="1" type="stmt"/>
        <line num="49" count="1" type="stmt"/>
        <line num="53" count="3" type="stmt"/>
        <line num="54" count="3" type="stmt"/>
        <line num="60" count="0" type="stmt"/>
        <line num="61" count="0" type="stmt"/>
        <line num="62" count="0" type="stmt"/>
        <line num="64" count="0" type="cond" truecount="0" falsecount="2"/>
        <line num="65" count="0" type="stmt"/>
        <line num="66" count="0" type="cond" truecount="0" falsecount="2"/>
        <line num="67" count="0" type="stmt"/>
        <line num="71" count="0" type="stmt"/>
        <line num="72" count="0" type="stmt"/>
        <line num="78" count="6" type="stmt"/>
        <line num="79" count="6" type="stmt"/>
        <line num="85" count="1" type="stmt"/>
        <line num="87" count="1" type="stmt"/>
        <line num="90" count="2" type="stmt"/>
        <line num="91" count="2" type="stmt"/>
        <line num="97" count="3" type="stmt"/>
        <line num="98" count="3" type="stmt"/>
        <line num="104" count="2" type="stmt"/>
        <line num="106" count="2" type="stmt"/>
        <line num="109" count="1" type="stmt"/>
        <line num="110" count="1" type="stmt"/>
        <line num="116" count="5" type="stmt"/>
        <line num="119" count="5" type="stmt"/>
        <line num="122" count="5" type="stmt"/>
        <line num="123" count="3" type="stmt"/>
        <line num="125" count="3" type="stmt"/>
        <line num="127" count="3" type="stmt"/>
        <line num="129" count="3" type="stmt"/>
        <line num="131" count="3" type="stmt"/>
        <line num="132" count="2" type="cond" truecount="2" falsecount="0"/>
        <line num="133" count="1" type="stmt"/>
        <line num="135" count="1" type="stmt"/>
        <line num="139" count="2" type="stmt"/>
        <line num="140" count="2" type="stmt"/>
        <line num="141" count="2" type="stmt"/>
        <line num="142" count="2" type="stmt"/>
        <line num="143" count="2" type="stmt"/>
        <line num="145" count="2" type="stmt"/>
        <line num="147" count="3" type="stmt"/>
        <line num="150" count="1" type="stmt"/>
        <line num="151" count="1" type="stmt"/>
        <line num="157" count="4" type="stmt"/>
        <line num="158" count="4" type="stmt"/>
        <line num="161" count="4" type="stmt"/>
        <line num="162" count="3" type="stmt"/>
        <line num="164" count="3" type="cond" truecount="2" falsecount="0"/>
        <line num="165" count="1" type="stmt"/>
        <line num="166" count="1" type="stmt"/>
        <line num="168" count="2" type="stmt"/>
        <line num="169" count="2" type="cond" truecount="2" falsecount="0"/>
        <line num="170" count="1" type="stmt"/>
        <line num="172" count="1" type="stmt"/>
        <line num="176" count="2" type="stmt"/>
        <line num="177" count="2" type="stmt"/>
        <line num="178" count="2" type="stmt"/>
        <line num="179" count="2" type="stmt"/>
        <line num="180" count="2" type="stmt"/>
        <line num="182" count="2" type="stmt"/>
        <line num="184" count="2" type="stmt"/>
        <line num="187" count="1" type="stmt"/>
        <line num="188" count="1" type="stmt"/>
        <line num="194" count="3" type="stmt"/>
        <line num="195" count="3" type="stmt"/>
        <line num="198" count="3" type="stmt"/>
        <line num="199" count="2" type="stmt"/>
        <line num="201" count="2" type="cond" truecount="2" falsecount="0"/>
        <line num="202" count="1" type="stmt"/>
        <line num="204" count="2" type="stmt"/>
        <line num="205" count="2" type="stmt"/>
        <line num="206" count="2" type="stmt"/>
        <line num="208" count="2" type="stmt"/>
        <line num="211" count="1" type="stmt"/>
        <line num="212" count="1" type="stmt"/>
      </file>
    </package>
    <package name="frontend">
      <metrics statements="130" coveredstatements="97" conditionals="58" coveredconditionals="37" methods="45" coveredmethods="38"/>
      <file name="App.tsx" path="C:\Users\c_mil\Desktop\Dev\TypeScript\care-central\src\componants\frontend\App.tsx">
        <metrics statements="36" coveredstatements="20" conditionals="32" coveredconditionals="13" methods="7" coveredmethods="5"/>
        <line num="17" count="31" type="stmt"/>
        <line num="18" count="31" type="stmt"/>
        <line num="20" count="31" type="stmt"/>
        <line num="22" count="31" type="stmt"/>
        <line num="23" count="31" type="stmt"/>
        <line num="24" count="31" type="stmt"/>
        <line num="26" count="31" type="stmt"/>
        <line num="27" count="14" type="cond" truecount="1" falsecount="1"/>
        <line num="28" count="14" type="stmt"/>
        <line num="29" count="14" type="stmt"/>
        <line num="30" count="14" type="stmt"/>
        <line num="31" count="14" type="stmt"/>
        <line num="32" count="14" type="stmt"/>
        <line num="35" count="0" type="stmt"/>
        <line num="36" count="0" type="cond" truecount="0" falsecount="2"/>
        <line num="37" count="0" type="stmt"/>
        <line num="42" count="31" type="stmt"/>
        <line num="43" count="14" type="stmt"/>
        <line num="44" count="14" type="cond" truecount="3" falsecount="1"/>
        <line num="45" count="14" type="stmt"/>
        <line num="46" count="14" type="stmt"/>
        <line num="47" count="0" type="cond" truecount="0" falsecount="4"/>
        <line num="48" count="0" type="stmt"/>
        <line num="49" count="0" type="stmt"/>
        <line num="50" count="0" type="cond" truecount="0" falsecount="2"/>
        <line num="51" count="0" type="stmt"/>
        <line num="54" count="0" type="stmt"/>
        <line num="56" count="0" type="stmt"/>
        <line num="58" count="0" type="stmt"/>
        <line num="59" count="0" type="stmt"/>
        <line num="60" count="0" type="cond" truecount="0" falsecount="2"/>
        <line num="61" count="0" type="stmt"/>
        <line num="63" count="0" type="stmt"/>
        <line num="67" count="0" type="stmt"/>
        <line num="71" count="31" type="stmt"/>
        <line num="78" count="3" type="stmt"/>
      </file>
      <file name="EducatorRoomData.tsx" path="C:\Users\c_mil\Desktop\Dev\TypeScript\care-central\src\componants\frontend\EducatorRoomData.tsx">
        <metrics statements="12" coveredstatements="12" conditionals="2" coveredconditionals="2" methods="6" coveredmethods="6"/>
        <line num="13" count="4" type="stmt"/>
        <line num="14" count="15" type="stmt"/>
        <line num="15" count="4" type="stmt"/>
        <line num="16" count="4" type="stmt"/>
        <line num="17" count="4" type="stmt"/>
        <line num="19" count="15" type="stmt"/>
        <line num="20" count="5" type="stmt"/>
        <line num="23" count="2" type="stmt"/>
        <line num="25" count="2" type="stmt"/>
        <line num="29" count="4" type="stmt"/>
        <line num="32" count="4" type="stmt"/>
        <line num="35" count="3" type="stmt"/>
      </file>
      <file name="Login.tsx" path="C:\Users\c_mil\Desktop\Dev\TypeScript\care-central\src\componants\frontend\Login.tsx">
        <metrics statements="15" coveredstatements="2" conditionals="2" coveredconditionals="0" methods="5" coveredmethods="1"/>
        <line num="12" count="31" type="stmt"/>
        <line num="13" count="0" type="stmt"/>
        <line num="15" count="0" type="stmt"/>
        <line num="16" count="0" type="stmt"/>
        <line num="17" count="0" type="stmt"/>
        <line num="19" count="0" type="stmt"/>
        <line num="21" count="0" type="cond" truecount="0" falsecount="2"/>
        <line num="22" count="0" type="stmt"/>
        <line num="23" count="0" type="stmt"/>
        <line num="24" count="0" type="stmt"/>
        <line num="26" count="0" type="stmt"/>
        <line num="30" count="0" type="stmt"/>
        <line num="31" count="0" type="stmt"/>
        <line num="35" count="31" type="stmt"/>
        <line num="38" count="0" type="stmt"/>
      </file>
      <file name="ProfileDropdown.tsx" path="C:\Users\c_mil\Desktop\Dev\TypeScript\care-central\src\componants\frontend\ProfileDropdown.tsx">
        <metrics statements="6" coveredstatements="2" conditionals="0" coveredconditionals="0" methods="2" coveredmethods="1"/>
        <line num="15" count="1" type="stmt"/>
        <line num="16" count="0" type="stmt"/>
        <line num="17" count="0" type="stmt"/>
        <line num="18" count="0" type="stmt"/>
        <line num="19" count="0" type="stmt"/>
        <line num="22" count="1" type="stmt"/>
      </file>
      <file name="RoomToggle.tsx" path="C:\Users\c_mil\Desktop\Dev\TypeScript\care-central\src\componants\frontend\RoomToggle.tsx">
        <metrics statements="9" coveredstatements="9" conditionals="4" coveredconditionals="4" methods="6" coveredmethods="6"/>
        <line num="11" count="61" type="stmt"/>
        <line num="12" count="5" type="cond" truecount="2" falsecount="0"/>
        <line num="13" count="2" type="stmt"/>
        <line num="15" count="1" type="stmt"/>
        <line num="18" count="1" type="stmt"/>
        <line num="23" count="3" type="stmt"/>
        <line num="25" count="2" type="stmt"/>
        <line num="28" count="1" type="stmt"/>
        <line num="33" count="61" type="stmt"/>
      </file>
      <file name="RoomToggles.tsx" path="C:\Users\c_mil\Desktop\Dev\TypeScript\care-central\src\componants\frontend\RoomToggles.tsx">
        <metrics statements="18" coveredstatements="18" conditionals="6" coveredconditionals="6" methods="9" coveredmethods="9"/>
        <line num="11" count="16" type="stmt"/>
        <line num="19" count="16" type="stmt"/>
        <line num="21" count="16" type="stmt"/>
        <line num="22" count="23" type="stmt"/>
        <line num="24" count="10" type="cond" truecount="2" falsecount="0"/>
        <line num="25" count="7" type="stmt"/>
        <line num="27" count="3" type="stmt"/>
        <line num="31" count="16" type="stmt"/>
        <line num="32" count="10" type="stmt"/>
        <line num="35" count="16" type="stmt"/>
        <line num="36" count="2" type="stmt"/>
        <line num="37" count="2" type="stmt"/>
        <line num="38" count="10" type="cond" truecount="2" falsecount="0"/>
        <line num="39" count="10" type="stmt"/>
        <line num="42" count="2" type="stmt"/>
        <line num="46" count="16" type="stmt"/>
        <line num="56" count="80" type="stmt"/>
        <line num="62" count="2" type="stmt"/>
      </file>
      <file name="SwitchList.tsx" path="C:\Users\c_mil\Desktop\Dev\TypeScript\care-central\src\componants\frontend\SwitchList.tsx">
        <metrics statements="6" coveredstatements="6" conditionals="0" coveredconditionals="0" methods="4" coveredmethods="4"/>
        <line num="11" count="4" type="stmt"/>
        <line num="13" count="4" type="stmt"/>
        <line num="14" count="3" type="stmt"/>
        <line num="16" count="2" type="stmt"/>
        <line num="19" count="4" type="stmt"/>
        <line num="24" count="2" type="stmt"/>
      </file>
      <file name="Toggle.tsx" path="C:\Users\c_mil\Desktop\Dev\TypeScript\care-central\src\componants\frontend\Toggle.tsx">
        <metrics statements="7" coveredstatements="7" conditionals="2" coveredconditionals="2" methods="3" coveredmethods="3"/>
        <line num="10" count="9" type="stmt"/>
        <line num="12" count="9" type="stmt"/>
        <line num="13" count="2" type="stmt"/>
        <line num="14" count="2" type="stmt"/>
        <line num="15" count="2" type="stmt"/>
        <line num="16" count="2" type="stmt"/>
        <line num="20" count="9" type="stmt"/>
      </file>
      <file name="UserInfo.tsx" path="C:\Users\c_mil\Desktop\Dev\TypeScript\care-central\src\componants\frontend\UserInfo.tsx">
        <metrics statements="21" coveredstatements="21" conditionals="10" coveredconditionals="10" methods="3" coveredmethods="3"/>
        <line num="11" count="10" type="stmt"/>
        <line num="12" count="10" type="stmt"/>
        <line num="14" count="10" type="stmt"/>
        <line num="16" count="7" type="stmt"/>
        <line num="17" count="7" type="stmt"/>
        <line num="19" count="7" type="cond" truecount="2" falsecount="0"/>
        <line num="20" count="3" type="stmt"/>
        <line num="21" count="3" type="stmt"/>
        <line num="22" count="3" type="stmt"/>
        <line num="23" count="3" type="stmt"/>
        <line num="24" count="4" type="cond" truecount="2" falsecount="0"/>
        <line num="25" count="1" type="stmt"/>
        <line num="26" count="1" type="stmt"/>
        <line num="27" count="1" type="stmt"/>
        <line num="29" count="3" type="stmt"/>
        <line num="31" count="7" type="stmt"/>
        <line num="32" count="7" type="cond" truecount="2" falsecount="0"/>
        <line num="33" count="3" type="stmt"/>
        <line num="34" count="3" type="stmt"/>
        <line num="35" count="3" type="stmt"/>
        <line num="42" count="10" type="stmt"/>
      </file>
    </package>
  </project>
</coverage>
