{"C:\\Users\\c_mil\\Desktop\\Dev\\TypeScript\\care-central\\src\\componants\\backend\\cookies.tsx": {"path":"C:\\Users\\c_mil\\Desktop\\Dev\\TypeScript\\care-central\\src\\componants\\backend\\cookies.tsx","statementMap":{"0":{"start":{"line":4,"column":30},"end":{"line":6,"column":1}},"1":{"start":{"line":5,"column":4},"end":{"line":5,"column":55}},"2":{"start":{"line":7,"column":30},"end":{"line":13,"column":1}},"3":{"start":{"line":8,"column":21},"end":{"line":8,"column":44}},"4":{"start":{"line":9,"column":4},"end":{"line":11,"column":5}},"5":{"start":{"line":10,"column":8},"end":{"line":10,"column":20}},"6":{"start":{"line":12,"column":4},"end":{"line":12,"column":20}},"7":{"start":{"line":14,"column":33},"end":{"line":16,"column":1}},"8":{"start":{"line":15,"column":4},"end":{"line":15,"column":31}}},"fnMap":{"0":{"name":"(anonymous_0)","decl":{"start":{"line":4,"column":30},"end":{"line":4,"column":31}},"loc":{"start":{"line":4,"column":54},"end":{"line":6,"column":1}},"line":4},"1":{"name":"(anonymous_1)","decl":{"start":{"line":7,"column":30},"end":{"line":7,"column":31}},"loc":{"start":{"line":7,"column":51},"end":{"line":13,"column":1}},"line":7},"2":{"name":"(anonymous_2)","decl":{"start":{"line":14,"column":33},"end":{"line":14,"column":34}},"loc":{"start":{"line":14,"column":39},"end":{"line":16,"column":1}},"line":14}},"branchMap":{"0":{"loc":{"start":{"line":5,"column":28},"end":{"line":5,"column":53}},"type":"binary-expr","locations":[{"start":{"line":5,"column":28},"end":{"line":5,"column":47}},{"start":{"line":5,"column":51},"end":{"line":5,"column":53}}],"line":5},"1":{"loc":{"start":{"line":9,"column":4},"end":{"line":11,"column":5}},"type":"if","locations":[{"start":{"line":9,"column":4},"end":{"line":11,"column":5}},{"start":{},"end":{}}],"line":9}},"s":{"0":2,"1":0,"2":2,"3":14,"4":14,"5":14,"6":0,"7":2,"8":14},"f":{"0":0,"1":14,"2":14},"b":{"0":[0,0],"1":[14,0]},"_coverageSchema":"1a1c01bbd47fc00a2c39e90264f33305004495a9","hash":"652a6fe3231989c6e89c2d69b648f49933d11cc5"}
,"C:\\Users\\c_mil\\Desktop\\Dev\\TypeScript\\care-central\\src\\componants\\backend\\fetchData.tsx": {"path":"C:\\Users\\c_mil\\Desktop\\Dev\\TypeScript\\care-central\\src\\componants\\backend\\fetchData.tsx","statementMap":{"0":{"start":{"line":15,"column":20},"end":{"line":15,"column":44}},"1":{"start":{"line":18,"column":4},"end":{"line":56,"column":6}},"2":{"start":{"line":19,"column":8},"end":{"line":55,"column":14}},"3":{"start":{"line":20,"column":30},"end":{"line":20,"column":45}},"4":{"start":{"line":22,"column":16},"end":{"line":22,"column":33}},"5":{"start":{"line":23,"column":30},"end":{"line":23,"column":62}},"6":{"start":{"line":24,"column":16},"end":{"line":26,"column":17}},"7":{"start":{"line":25,"column":20},"end":{"line":25,"column":46}},"8":{"start":{"line":27,"column":16},"end":{"line":29,"column":17}},"9":{"start":{"line":28,"column":20},"end":{"line":28,"column":54}},"10":{"start":{"line":30,"column":16},"end":{"line":32,"column":17}},"11":{"start":{"line":31,"column":20},"end":{"line":31,"column":46}},"12":{"start":{"line":33,"column":16},"end":{"line":50,"column":17}},"13":{"start":{"line":34,"column":20},"end":{"line":47,"column":26}},"14":{"start":{"line":35,"column":42},"end":{"line":35,"column":57}},"15":{"start":{"line":37,"column":28},"end":{"line":41,"column":30}},"16":{"start":{"line":38,"column":50},"end":{"line":38,"column":60}},"17":{"start":{"line":39,"column":46},"end":{"line":39,"column":118}},"18":{"start":{"line":40,"column":32},"end":{"line":40,"column":55}},"19":{"start":{"line":42,"column":28},"end":{"line":42,"column":44}},"20":{"start":{"line":45,"column":28},"end":{"line":45,"column":54}},"21":{"start":{"line":46,"column":28},"end":{"line":46,"column":39}},"22":{"start":{"line":49,"column":20},"end":{"line":49,"column":36}},"23":{"start":{"line":53,"column":16},"end":{"line":53,"column":42}},"24":{"start":{"line":54,"column":16},"end":{"line":54,"column":27}},"25":{"start":{"line":60,"column":4},"end":{"line":74,"column":6}},"26":{"start":{"line":61,"column":8},"end":{"line":73,"column":14}},"27":{"start":{"line":62,"column":30},"end":{"line":62,"column":45}},"28":{"start":{"line":64,"column":16},"end":{"line":68,"column":17}},"29":{"start":{"line":65,"column":20},"end":{"line":65,"column":33}},"30":{"start":{"line":66,"column":23},"end":{"line":68,"column":17}},"31":{"start":{"line":67,"column":20},"end":{"line":67,"column":33}},"32":{"start":{"line":71,"column":16},"end":{"line":71,"column":42}},"33":{"start":{"line":72,"column":16},"end":{"line":72,"column":27}},"34":{"start":{"line":78,"column":4},"end":{"line":93,"column":6}},"35":{"start":{"line":79,"column":8},"end":{"line":92,"column":14}},"36":{"start":{"line":85,"column":30},"end":{"line":85,"column":45}},"37":{"start":{"line":87,"column":16},"end":{"line":87,"column":37}},"38":{"start":{"line":90,"column":16},"end":{"line":90,"column":42}},"39":{"start":{"line":91,"column":16},"end":{"line":91,"column":46}},"40":{"start":{"line":97,"column":4},"end":{"line":112,"column":6}},"41":{"start":{"line":98,"column":8},"end":{"line":111,"column":14}},"42":{"start":{"line":104,"column":30},"end":{"line":104,"column":45}},"43":{"start":{"line":106,"column":16},"end":{"line":106,"column":37}},"44":{"start":{"line":109,"column":16},"end":{"line":109,"column":42}},"45":{"start":{"line":110,"column":16},"end":{"line":110,"column":46}},"46":{"start":{"line":116,"column":4},"end":{"line":153,"column":6}},"47":{"start":{"line":119,"column":37},"end":{"line":119,"column":39}},"48":{"start":{"line":122,"column":8},"end":{"line":152,"column":10}},"49":{"start":{"line":123,"column":30},"end":{"line":123,"column":45}},"50":{"start":{"line":125,"column":16},"end":{"line":125,"column":32}},"51":{"start":{"line":127,"column":16},"end":{"line":127,"column":63}},"52":{"start":{"line":129,"column":30},"end":{"line":129,"column":45}},"53":{"start":{"line":131,"column":16},"end":{"line":146,"column":18}},"54":{"start":{"line":132,"column":20},"end":{"line":136,"column":21}},"55":{"start":{"line":133,"column":24},"end":{"line":133,"column":96}},"56":{"start":{"line":135,"column":24},"end":{"line":135,"column":97}},"57":{"start":{"line":139,"column":20},"end":{"line":139,"column":64}},"58":{"start":{"line":140,"column":43},"end":{"line":140,"column":63}},"59":{"start":{"line":141,"column":45},"end":{"line":141,"column":65}},"60":{"start":{"line":142,"column":44},"end":{"line":142,"column":64}},"61":{"start":{"line":143,"column":20},"end":{"line":143,"column":73}},"62":{"start":{"line":145,"column":20},"end":{"line":145,"column":42}},"63":{"start":{"line":147,"column":16},"end":{"line":147,"column":35}},"64":{"start":{"line":150,"column":16},"end":{"line":150,"column":82}},"65":{"start":{"line":151,"column":16},"end":{"line":151,"column":46}},"66":{"start":{"line":157,"column":4},"end":{"line":190,"column":6}},"67":{"start":{"line":158,"column":33},"end":{"line":158,"column":35}},"68":{"start":{"line":161,"column":4},"end":{"line":189,"column":10}},"69":{"start":{"line":162,"column":26},"end":{"line":162,"column":41}},"70":{"start":{"line":164,"column":12},"end":{"line":167,"column":13}},"71":{"start":{"line":165,"column":16},"end":{"line":165,"column":45}},"72":{"start":{"line":166,"column":16},"end":{"line":166,"column":22}},"73":{"start":{"line":168,"column":12},"end":{"line":183,"column":10}},"74":{"start":{"line":169,"column":12},"end":{"line":173,"column":13}},"75":{"start":{"line":170,"column":16},"end":{"line":170,"column":88}},"76":{"start":{"line":172,"column":16},"end":{"line":172,"column":89}},"77":{"start":{"line":176,"column":12},"end":{"line":176,"column":56}},"78":{"start":{"line":177,"column":35},"end":{"line":177,"column":55}},"79":{"start":{"line":178,"column":37},"end":{"line":178,"column":57}},"80":{"start":{"line":179,"column":36},"end":{"line":179,"column":56}},"81":{"start":{"line":180,"column":12},"end":{"line":180,"column":65}},"82":{"start":{"line":182,"column":12},"end":{"line":182,"column":34}},"83":{"start":{"line":184,"column":8},"end":{"line":184,"column":27}},"84":{"start":{"line":187,"column":8},"end":{"line":187,"column":74}},"85":{"start":{"line":188,"column":8},"end":{"line":188,"column":38}},"86":{"start":{"line":194,"column":4},"end":{"line":214,"column":6}},"87":{"start":{"line":195,"column":32},"end":{"line":195,"column":34}},"88":{"start":{"line":198,"column":4},"end":{"line":213,"column":10}},"89":{"start":{"line":199,"column":26},"end":{"line":199,"column":41}},"90":{"start":{"line":201,"column":12},"end":{"line":203,"column":13}},"91":{"start":{"line":202,"column":16},"end":{"line":202,"column":45}},"92":{"start":{"line":204,"column":12},"end":{"line":207,"column":10}},"93":{"start":{"line":205,"column":16},"end":{"line":205,"column":65}},"94":{"start":{"line":206,"column":16},"end":{"line":206,"column":44}},"95":{"start":{"line":208,"column":8},"end":{"line":208,"column":30}},"96":{"start":{"line":211,"column":8},"end":{"line":211,"column":75}},"97":{"start":{"line":212,"column":8},"end":{"line":212,"column":38}}},"fnMap":{"0":{"name":"createUser","decl":{"start":{"line":17,"column":22},"end":{"line":17,"column":32}},"loc":{"start":{"line":17,"column":73},"end":{"line":57,"column":1}},"line":17},"1":{"name":"(anonymous_1)","decl":{"start":{"line":18,"column":23},"end":{"line":18,"column":24}},"loc":{"start":{"line":18,"column":44},"end":{"line":56,"column":5}},"line":18},"2":{"name":"(anonymous_2)","decl":{"start":{"line":20,"column":18},"end":{"line":20,"column":19}},"loc":{"start":{"line":20,"column":30},"end":{"line":20,"column":45}},"line":20},"3":{"name":"(anonymous_3)","decl":{"start":{"line":21,"column":18},"end":{"line":21,"column":19}},"loc":{"start":{"line":21,"column":26},"end":{"line":51,"column":13}},"line":21},"4":{"name":"(anonymous_4)","decl":{"start":{"line":35,"column":30},"end":{"line":35,"column":31}},"loc":{"start":{"line":35,"column":42},"end":{"line":35,"column":57}},"line":35},"5":{"name":"(anonymous_5)","decl":{"start":{"line":36,"column":30},"end":{"line":36,"column":31}},"loc":{"start":{"line":36,"column":39},"end":{"line":43,"column":25}},"line":36},"6":{"name":"(anonymous_6)","decl":{"start":{"line":37,"column":55},"end":{"line":37,"column":56}},"loc":{"start":{"line":37,"column":72},"end":{"line":41,"column":29}},"line":37},"7":{"name":"(anonymous_7)","decl":{"start":{"line":44,"column":31},"end":{"line":44,"column":32}},"loc":{"start":{"line":44,"column":38},"end":{"line":47,"column":25}},"line":44},"8":{"name":"(anonymous_8)","decl":{"start":{"line":52,"column":19},"end":{"line":52,"column":20}},"loc":{"start":{"line":52,"column":26},"end":{"line":55,"column":13}},"line":52},"9":{"name":"verifyPassword","decl":{"start":{"line":59,"column":22},"end":{"line":59,"column":36}},"loc":{"start":{"line":59,"column":99},"end":{"line":75,"column":1}},"line":59},"10":{"name":"(anonymous_10)","decl":{"start":{"line":60,"column":23},"end":{"line":60,"column":24}},"loc":{"start":{"line":60,"column":44},"end":{"line":74,"column":5}},"line":60},"11":{"name":"(anonymous_11)","decl":{"start":{"line":62,"column":18},"end":{"line":62,"column":19}},"loc":{"start":{"line":62,"column":30},"end":{"line":62,"column":45}},"line":62},"12":{"name":"(anonymous_12)","decl":{"start":{"line":63,"column":18},"end":{"line":63,"column":19}},"loc":{"start":{"line":63,"column":26},"end":{"line":69,"column":13}},"line":63},"13":{"name":"(anonymous_13)","decl":{"start":{"line":70,"column":19},"end":{"line":70,"column":20}},"loc":{"start":{"line":70,"column":26},"end":{"line":73,"column":13}},"line":70},"14":{"name":"toggleChildIsAttending","decl":{"start":{"line":77,"column":22},"end":{"line":77,"column":44}},"loc":{"start":{"line":77,"column":85},"end":{"line":94,"column":1}},"line":77},"15":{"name":"(anonymous_15)","decl":{"start":{"line":78,"column":23},"end":{"line":78,"column":24}},"loc":{"start":{"line":78,"column":44},"end":{"line":93,"column":5}},"line":78},"16":{"name":"(anonymous_16)","decl":{"start":{"line":85,"column":18},"end":{"line":85,"column":19}},"loc":{"start":{"line":85,"column":30},"end":{"line":85,"column":45}},"line":85},"17":{"name":"(anonymous_17)","decl":{"start":{"line":86,"column":18},"end":{"line":86,"column":19}},"loc":{"start":{"line":86,"column":26},"end":{"line":88,"column":13}},"line":86},"18":{"name":"(anonymous_18)","decl":{"start":{"line":89,"column":19},"end":{"line":89,"column":20}},"loc":{"start":{"line":89,"column":26},"end":{"line":92,"column":13}},"line":89},"19":{"name":"toggleUserRoom","decl":{"start":{"line":96,"column":22},"end":{"line":96,"column":36}},"loc":{"start":{"line":96,"column":97},"end":{"line":113,"column":1}},"line":96},"20":{"name":"(anonymous_20)","decl":{"start":{"line":97,"column":23},"end":{"line":97,"column":24}},"loc":{"start":{"line":97,"column":44},"end":{"line":112,"column":5}},"line":97},"21":{"name":"(anonymous_21)","decl":{"start":{"line":104,"column":18},"end":{"line":104,"column":19}},"loc":{"start":{"line":104,"column":30},"end":{"line":104,"column":45}},"line":104},"22":{"name":"(anonymous_22)","decl":{"start":{"line":105,"column":18},"end":{"line":105,"column":19}},"loc":{"start":{"line":105,"column":26},"end":{"line":107,"column":13}},"line":105},"23":{"name":"(anonymous_23)","decl":{"start":{"line":108,"column":19},"end":{"line":108,"column":20}},"loc":{"start":{"line":108,"column":26},"end":{"line":111,"column":13}},"line":108},"24":{"name":"createChildrenList","decl":{"start":{"line":115,"column":22},"end":{"line":115,"column":40}},"loc":{"start":{"line":115,"column":80},"end":{"line":154,"column":1}},"line":115},"25":{"name":"(anonymous_25)","decl":{"start":{"line":116,"column":23},"end":{"line":116,"column":24}},"loc":{"start":{"line":116,"column":44},"end":{"line":153,"column":5}},"line":116},"26":{"name":"(anonymous_26)","decl":{"start":{"line":123,"column":18},"end":{"line":123,"column":19}},"loc":{"start":{"line":123,"column":30},"end":{"line":123,"column":45}},"line":123},"27":{"name":"(anonymous_27)","decl":{"start":{"line":124,"column":18},"end":{"line":124,"column":19}},"loc":{"start":{"line":124,"column":26},"end":{"line":128,"column":13}},"line":124},"28":{"name":"(anonymous_28)","decl":{"start":{"line":129,"column":18},"end":{"line":129,"column":19}},"loc":{"start":{"line":129,"column":30},"end":{"line":129,"column":45}},"line":129},"29":{"name":"(anonymous_29)","decl":{"start":{"line":130,"column":18},"end":{"line":130,"column":19}},"loc":{"start":{"line":130,"column":26},"end":{"line":148,"column":13}},"line":130},"30":{"name":"(anonymous_30)","decl":{"start":{"line":131,"column":42},"end":{"line":131,"column":43}},"loc":{"start":{"line":131,"column":59},"end":{"line":146,"column":17}},"line":131},"31":{"name":"(anonymous_31)","decl":{"start":{"line":149,"column":19},"end":{"line":149,"column":20}},"loc":{"start":{"line":149,"column":26},"end":{"line":152,"column":9}},"line":149},"32":{"name":"getChildrenByRoomName","decl":{"start":{"line":156,"column":22},"end":{"line":156,"column":43}},"loc":{"start":{"line":156,"column":83},"end":{"line":191,"column":1}},"line":156},"33":{"name":"(anonymous_33)","decl":{"start":{"line":157,"column":23},"end":{"line":157,"column":24}},"loc":{"start":{"line":157,"column":44},"end":{"line":190,"column":5}},"line":157},"34":{"name":"(anonymous_34)","decl":{"start":{"line":162,"column":14},"end":{"line":162,"column":15}},"loc":{"start":{"line":162,"column":26},"end":{"line":162,"column":41}},"line":162},"35":{"name":"(anonymous_35)","decl":{"start":{"line":163,"column":14},"end":{"line":163,"column":15}},"loc":{"start":{"line":163,"column":22},"end":{"line":185,"column":5}},"line":163},"36":{"name":"(anonymous_36)","decl":{"start":{"line":168,"column":38},"end":{"line":168,"column":39}},"loc":{"start":{"line":168,"column":55},"end":{"line":183,"column":9}},"line":168},"37":{"name":"(anonymous_37)","decl":{"start":{"line":186,"column":11},"end":{"line":186,"column":12}},"loc":{"start":{"line":186,"column":18},"end":{"line":189,"column":9}},"line":186},"38":{"name":"getEducatorsByRoomName","decl":{"start":{"line":193,"column":22},"end":{"line":193,"column":44}},"loc":{"start":{"line":193,"column":80},"end":{"line":215,"column":1}},"line":193},"39":{"name":"(anonymous_39)","decl":{"start":{"line":194,"column":23},"end":{"line":194,"column":24}},"loc":{"start":{"line":194,"column":44},"end":{"line":214,"column":5}},"line":194},"40":{"name":"(anonymous_40)","decl":{"start":{"line":199,"column":14},"end":{"line":199,"column":15}},"loc":{"start":{"line":199,"column":26},"end":{"line":199,"column":41}},"line":199},"41":{"name":"(anonymous_41)","decl":{"start":{"line":200,"column":14},"end":{"line":200,"column":15}},"loc":{"start":{"line":200,"column":22},"end":{"line":209,"column":5}},"line":200},"42":{"name":"(anonymous_42)","decl":{"start":{"line":204,"column":38},"end":{"line":204,"column":39}},"loc":{"start":{"line":204,"column":55},"end":{"line":207,"column":9}},"line":204},"43":{"name":"(anonymous_43)","decl":{"start":{"line":210,"column":11},"end":{"line":210,"column":12}},"loc":{"start":{"line":210,"column":18},"end":{"line":213,"column":9}},"line":210}},"branchMap":{"0":{"loc":{"start":{"line":24,"column":16},"end":{"line":26,"column":17}},"type":"if","locations":[{"start":{"line":24,"column":16},"end":{"line":26,"column":17}},{"start":{},"end":{}}],"line":24},"1":{"loc":{"start":{"line":27,"column":16},"end":{"line":29,"column":17}},"type":"if","locations":[{"start":{"line":27,"column":16},"end":{"line":29,"column":17}},{"start":{},"end":{}}],"line":27},"2":{"loc":{"start":{"line":30,"column":16},"end":{"line":32,"column":17}},"type":"if","locations":[{"start":{"line":30,"column":16},"end":{"line":32,"column":17}},{"start":{},"end":{}}],"line":30},"3":{"loc":{"start":{"line":33,"column":16},"end":{"line":50,"column":17}},"type":"if","locations":[{"start":{"line":33,"column":16},"end":{"line":50,"column":17}},{"start":{"line":48,"column":23},"end":{"line":50,"column":17}}],"line":33},"4":{"loc":{"start":{"line":64,"column":16},"end":{"line":68,"column":17}},"type":"if","locations":[{"start":{"line":64,"column":16},"end":{"line":68,"column":17}},{"start":{"line":66,"column":23},"end":{"line":68,"column":17}}],"line":64},"5":{"loc":{"start":{"line":66,"column":23},"end":{"line":68,"column":17}},"type":"if","locations":[{"start":{"line":66,"column":23},"end":{"line":68,"column":17}},{"start":{},"end":{}}],"line":66},"6":{"loc":{"start":{"line":132,"column":20},"end":{"line":136,"column":21}},"type":"if","locations":[{"start":{"line":132,"column":20},"end":{"line":136,"column":21}},{"start":{"line":134,"column":27},"end":{"line":136,"column":21}}],"line":132},"7":{"loc":{"start":{"line":164,"column":12},"end":{"line":167,"column":13}},"type":"if","locations":[{"start":{"line":164,"column":12},"end":{"line":167,"column":13}},{"start":{},"end":{}}],"line":164},"8":{"loc":{"start":{"line":169,"column":12},"end":{"line":173,"column":13}},"type":"if","locations":[{"start":{"line":169,"column":12},"end":{"line":173,"column":13}},{"start":{"line":171,"column":19},"end":{"line":173,"column":13}}],"line":169},"9":{"loc":{"start":{"line":201,"column":12},"end":{"line":203,"column":13}},"type":"if","locations":[{"start":{"line":201,"column":12},"end":{"line":203,"column":13}},{"start":{},"end":{}}],"line":201}},"s":{"0":6,"1":12,"2":12,"3":8,"4":8,"5":8,"6":8,"7":6,"8":8,"9":6,"10":8,"11":6,"12":8,"13":7,"14":6,"15":6,"16":2,"17":2,"18":2,"19":6,"20":1,"21":1,"22":1,"23":3,"24":3,"25":0,"26":0,"27":0,"28":0,"29":0,"30":0,"31":0,"32":0,"33":0,"34":6,"35":6,"36":1,"37":1,"38":2,"39":2,"40":3,"41":3,"42":2,"43":2,"44":1,"45":1,"46":5,"47":5,"48":5,"49":3,"50":3,"51":3,"52":3,"53":3,"54":2,"55":1,"56":1,"57":2,"58":2,"59":2,"60":2,"61":2,"62":2,"63":3,"64":1,"65":1,"66":4,"67":4,"68":4,"69":3,"70":3,"71":1,"72":1,"73":2,"74":2,"75":1,"76":1,"77":2,"78":2,"79":2,"80":2,"81":2,"82":2,"83":2,"84":1,"85":1,"86":3,"87":3,"88":3,"89":2,"90":2,"91":1,"92":2,"93":2,"94":2,"95":2,"96":1,"97":1},"f":{"0":12,"1":12,"2":8,"3":8,"4":6,"5":6,"6":2,"7":1,"8":3,"9":0,"10":0,"11":0,"12":0,"13":0,"14":6,"15":6,"16":1,"17":1,"18":2,"19":3,"20":3,"21":2,"22":2,"23":1,"24":5,"25":5,"26":3,"27":3,"28":3,"29":3,"30":2,"31":1,"32":4,"33":4,"34":3,"35":3,"36":2,"37":1,"38":3,"39":3,"40":2,"41":2,"42":2,"43":1},"b":{"0":[6,2],"1":[6,2],"2":[6,2],"3":[7,1],"4":[0,0],"5":[0,0],"6":[1,1],"7":[1,2],"8":[1,1],"9":[1,1]},"_coverageSchema":"1a1c01bbd47fc00a2c39e90264f33305004495a9","hash":"c9cdc7161ea423d6df45bdac340ff542feac0d78"}
,"C:\\Users\\c_mil\\Desktop\\Dev\\TypeScript\\care-central\\src\\componants\\frontend\\App.tsx": {"path":"C:\\Users\\c_mil\\Desktop\\Dev\\TypeScript\\care-central\\src\\componants\\frontend\\App.tsx","statementMap":{"0":{"start":{"line":17,"column":36},"end":{"line":17,"column":59}},"1":{"start":{"line":18,"column":34},"end":{"line":18,"column":63}},"2":{"start":{"line":20,"column":26},"end":{"line":20,"column":97}},"3":{"start":{"line":22,"column":34},"end":{"line":22,"column":55}},"4":{"start":{"line":23,"column":26},"end":{"line":23,"column":49}},"5":{"start":{"line":24,"column":52},"end":{"line":24,"column":76}},"6":{"start":{"line":26,"column":2},"end":{"line":40,"column":16}},"7":{"start":{"line":27,"column":4},"end":{"line":33,"column":5}},"8":{"start":{"line":28,"column":6},"end":{"line":28,"column":31}},"9":{"start":{"line":29,"column":6},"end":{"line":29,"column":19}},"10":{"start":{"line":30,"column":6},"end":{"line":30,"column":25}},"11":{"start":{"line":31,"column":6},"end":{"line":31,"column":23}},"12":{"start":{"line":32,"column":6},"end":{"line":32,"column":12}},"13":{"start":{"line":35,"column":27},"end":{"line":35,"column":43}},"14":{"start":{"line":36,"column":4},"end":{"line":38,"column":5}},"15":{"start":{"line":37,"column":6},"end":{"line":37,"column":33}},"16":{"start":{"line":42,"column":2},"end":{"line":69,"column":16}},"17":{"start":{"line":43,"column":4},"end":{"line":43,"column":38}},"18":{"start":{"line":44,"column":4},"end":{"line":55,"column":5}},"19":{"start":{"line":45,"column":6},"end":{"line":45,"column":52}},"20":{"start":{"line":46,"column":6},"end":{"line":46,"column":12}},"21":{"start":{"line":47,"column":11},"end":{"line":55,"column":5}},"22":{"start":{"line":48,"column":6},"end":{"line":48,"column":55}},"23":{"start":{"line":49,"column":6},"end":{"line":49,"column":25}},"24":{"start":{"line":50,"column":6},"end":{"line":52,"column":7}},"25":{"start":{"line":51,"column":8},"end":{"line":51,"column":27}},"26":{"start":{"line":54,"column":6},"end":{"line":54,"column":40}},"27":{"start":{"line":56,"column":4},"end":{"line":68,"column":6}},"28":{"start":{"line":58,"column":8},"end":{"line":58,"column":25}},"29":{"start":{"line":59,"column":8},"end":{"line":59,"column":32}},"30":{"start":{"line":60,"column":8},"end":{"line":64,"column":9}},"31":{"start":{"line":61,"column":10},"end":{"line":61,"column":53}},"32":{"start":{"line":63,"column":10},"end":{"line":63,"column":57}},"33":{"start":{"line":67,"column":6},"end":{"line":67,"column":48}},"34":{"start":{"line":71,"column":2},"end":{"line":99,"column":4}},"35":{"start":{"line":78,"column":31},"end":{"line":78,"column":74}},"36":{"start":{"line":78,"column":63},"end":{"line":78,"column":73}}},"fnMap":{"0":{"name":"App","decl":{"start":{"line":15,"column":9},"end":{"line":15,"column":12}},"loc":{"start":{"line":15,"column":15},"end":{"line":100,"column":1}},"line":15},"1":{"name":"(anonymous_1)","decl":{"start":{"line":26,"column":12},"end":{"line":26,"column":13}},"loc":{"start":{"line":26,"column":18},"end":{"line":39,"column":3}},"line":26},"2":{"name":"(anonymous_2)","decl":{"start":{"line":42,"column":12},"end":{"line":42,"column":13}},"loc":{"start":{"line":42,"column":18},"end":{"line":69,"column":3}},"line":42},"3":{"name":"(anonymous_3)","decl":{"start":{"line":57,"column":12},"end":{"line":57,"column":13}},"loc":{"start":{"line":57,"column":26},"end":{"line":65,"column":7}},"line":57},"4":{"name":"(anonymous_4)","decl":{"start":{"line":66,"column":13},"end":{"line":66,"column":14}},"loc":{"start":{"line":66,"column":22},"end":{"line":68,"column":5}},"line":66},"5":{"name":"(anonymous_5)","decl":{"start":{"line":78,"column":23},"end":{"line":78,"column":24}},"loc":{"start":{"line":78,"column":29},"end":{"line":78,"column":76}},"line":78},"6":{"name":"(anonymous_6)","decl":{"start":{"line":78,"column":50},"end":{"line":78,"column":51}},"loc":{"start":{"line":78,"column":63},"end":{"line":78,"column":73}},"line":78}},"branchMap":{"0":{"loc":{"start":{"line":27,"column":4},"end":{"line":33,"column":5}},"type":"if","locations":[{"start":{"line":27,"column":4},"end":{"line":33,"column":5}},{"start":{},"end":{}}],"line":27},"1":{"loc":{"start":{"line":36,"column":4},"end":{"line":38,"column":5}},"type":"if","locations":[{"start":{"line":36,"column":4},"end":{"line":38,"column":5}},{"start":{},"end":{}}],"line":36},"2":{"loc":{"start":{"line":44,"column":4},"end":{"line":55,"column":5}},"type":"if","locations":[{"start":{"line":44,"column":4},"end":{"line":55,"column":5}},{"start":{"line":47,"column":11},"end":{"line":55,"column":5}}],"line":44},"3":{"loc":{"start":{"line":44,"column":8},"end":{"line":44,"column":46}},"type":"binary-expr","locations":[{"start":{"line":44,"column":8},"end":{"line":44,"column":25}},{"start":{"line":44,"column":29},"end":{"line":44,"column":46}}],"line":44},"4":{"loc":{"start":{"line":47,"column":11},"end":{"line":55,"column":5}},"type":"if","locations":[{"start":{"line":47,"column":11},"end":{"line":55,"column":5}},{"start":{"line":53,"column":11},"end":{"line":55,"column":5}}],"line":47},"5":{"loc":{"start":{"line":47,"column":15},"end":{"line":47,"column":52}},"type":"binary-expr","locations":[{"start":{"line":47,"column":15},"end":{"line":47,"column":32}},{"start":{"line":47,"column":36},"end":{"line":47,"column":52}}],"line":47},"6":{"loc":{"start":{"line":50,"column":6},"end":{"line":52,"column":7}},"type":"if","locations":[{"start":{"line":50,"column":6},"end":{"line":52,"column":7}},{"start":{},"end":{}}],"line":50},"7":{"loc":{"start":{"line":60,"column":8},"end":{"line":64,"column":9}},"type":"if","locations":[{"start":{"line":60,"column":8},"end":{"line":64,"column":9}},{"start":{"line":62,"column":15},"end":{"line":64,"column":9}}],"line":60},"8":{"loc":{"start":{"line":84,"column":7},"end":{"line":84,"column":129}},"type":"cond-expr","locations":[{"start":{"line":84,"column":19},"end":{"line":84,"column":122}},{"start":{"line":84,"column":125},"end":{"line":84,"column":129}}],"line":84},"9":{"loc":{"start":{"line":85,"column":7},"end":{"line":85,"column":181}},"type":"cond-expr","locations":[{"start":{"line":85,"column":41},"end":{"line":85,"column":174}},{"start":{"line":85,"column":177},"end":{"line":85,"column":181}}],"line":85},"10":{"loc":{"start":{"line":85,"column":7},"end":{"line":85,"column":38}},"type":"binary-expr","locations":[{"start":{"line":85,"column":7},"end":{"line":85,"column":26}},{"start":{"line":85,"column":30},"end":{"line":85,"column":38}}],"line":85},"11":{"loc":{"start":{"line":88,"column":11},"end":{"line":88,"column":95}},"type":"cond-expr","locations":[{"start":{"line":88,"column":54},"end":{"line":88,"column":88}},{"start":{"line":88,"column":91},"end":{"line":88,"column":95}}],"line":88},"12":{"loc":{"start":{"line":88,"column":11},"end":{"line":88,"column":51}},"type":"binary-expr","locations":[{"start":{"line":88,"column":11},"end":{"line":88,"column":39}},{"start":{"line":88,"column":43},"end":{"line":88,"column":51}}],"line":88},"13":{"loc":{"start":{"line":89,"column":11},"end":{"line":89,"column":112}},"type":"cond-expr","locations":[{"start":{"line":89,"column":56},"end":{"line":89,"column":105}},{"start":{"line":89,"column":108},"end":{"line":89,"column":112}}],"line":89},"14":{"loc":{"start":{"line":89,"column":11},"end":{"line":89,"column":53}},"type":"binary-expr","locations":[{"start":{"line":89,"column":11},"end":{"line":89,"column":41}},{"start":{"line":89,"column":45},"end":{"line":89,"column":53}}],"line":89},"15":{"loc":{"start":{"line":92,"column":11},"end":{"line":92,"column":151}},"type":"cond-expr","locations":[{"start":{"line":92,"column":44},"end":{"line":92,"column":144}},{"start":{"line":92,"column":147},"end":{"line":92,"column":151}}],"line":92}},"s":{"0":31,"1":31,"2":31,"3":31,"4":31,"5":31,"6":31,"7":14,"8":14,"9":14,"10":14,"11":14,"12":14,"13":0,"14":0,"15":0,"16":31,"17":14,"18":14,"19":14,"20":14,"21":0,"22":0,"23":0,"24":0,"25":0,"26":0,"27":0,"28":0,"29":0,"30":0,"31":0,"32":0,"33":0,"34":31,"35":3,"36":3},"f":{"0":31,"1":14,"2":14,"3":0,"4":0,"5":3,"6":3},"b":{"0":[14,0],"1":[0,0],"2":[14,0],"3":[14,14],"4":[0,0],"5":[0,0],"6":[0,0],"7":[0,0],"8":[31,0],"9":[0,31],"10":[31,2],"11":[0,31],"12":[31,0],"13":[0,31],"14":[31,0],"15":[0,31]},"_coverageSchema":"1a1c01bbd47fc00a2c39e90264f33305004495a9","hash":"83d957d6b08d59311f0a5242912be70c04c88695"}
,"C:\\Users\\c_mil\\Desktop\\Dev\\TypeScript\\care-central\\src\\componants\\frontend\\EducatorRoomData.tsx": {"path":"C:\\Users\\c_mil\\Desktop\\Dev\\TypeScript\\care-central\\src\\componants\\frontend\\EducatorRoomData.tsx","statementMap":{"0":{"start":{"line":13,"column":4},"end":{"line":30,"column":10}},"1":{"start":{"line":14,"column":22},"end":{"line":14,"column":74}},"2":{"start":{"line":14,"column":54},"end":{"line":14,"column":73}},"3":{"start":{"line":15,"column":30},"end":{"line":27,"column":9}},"4":{"start":{"line":16,"column":12},"end":{"line":26,"column":13}},"5":{"start":{"line":17,"column":16},"end":{"line":22,"column":17}},"6":{"start":{"line":19,"column":24},"end":{"line":19,"column":49}},"7":{"start":{"line":20,"column":24},"end":{"line":20,"column":50}},"8":{"start":{"line":23,"column":16},"end":{"line":23,"column":34}},"9":{"start":{"line":25,"column":16},"end":{"line":25,"column":58}},"10":{"start":{"line":29,"column":8},"end":{"line":29,"column":24}},"11":{"start":{"line":32,"column":2},"end":{"line":42,"column":3}},"12":{"start":{"line":35,"column":14},"end":{"line":39,"column":20}}},"fnMap":{"0":{"name":"EducatorRoomData","decl":{"start":{"line":11,"column":9},"end":{"line":11,"column":25}},"loc":{"start":{"line":11,"column":87},"end":{"line":43,"column":1}},"line":11},"1":{"name":"(anonymous_1)","decl":{"start":{"line":13,"column":14},"end":{"line":13,"column":15}},"loc":{"start":{"line":13,"column":20},"end":{"line":30,"column":5}},"line":13},"2":{"name":"(anonymous_2)","decl":{"start":{"line":14,"column":42},"end":{"line":14,"column":43}},"loc":{"start":{"line":14,"column":54},"end":{"line":14,"column":73}},"line":14},"3":{"name":"(anonymous_3)","decl":{"start":{"line":15,"column":30},"end":{"line":15,"column":31}},"loc":{"start":{"line":15,"column":42},"end":{"line":27,"column":9}},"line":15},"4":{"name":"(anonymous_4)","decl":{"start":{"line":18,"column":30},"end":{"line":18,"column":31}},"loc":{"start":{"line":18,"column":46},"end":{"line":21,"column":21}},"line":18},"5":{"name":"(anonymous_5)","decl":{"start":{"line":34,"column":24},"end":{"line":34,"column":25}},"loc":{"start":{"line":35,"column":14},"end":{"line":39,"column":20}},"line":35}},"branchMap":{"0":{"loc":{"start":{"line":38,"column":32},"end":{"line":38,"column":76}},"type":"cond-expr","locations":[{"start":{"line":38,"column":57},"end":{"line":38,"column":59}},{"start":{"line":38,"column":62},"end":{"line":38,"column":76}}],"line":38}},"s":{"0":4,"1":4,"2":15,"3":4,"4":4,"5":4,"6":15,"7":5,"8":2,"9":2,"10":4,"11":4,"12":3},"f":{"0":4,"1":4,"2":15,"3":4,"4":15,"5":3},"b":{"0":[2,1]},"_coverageSchema":"1a1c01bbd47fc00a2c39e90264f33305004495a9","hash":"cad31eaa103124625fd07ebe39e1f3ac6b3e92bf"}
,"C:\\Users\\c_mil\\Desktop\\Dev\\TypeScript\\care-central\\src\\componants\\frontend\\Login.tsx": {"path":"C:\\Users\\c_mil\\Desktop\\Dev\\TypeScript\\care-central\\src\\componants\\frontend\\Login.tsx","statementMap":{"0":{"start":{"line":12,"column":23},"end":{"line":33,"column":3}},"1":{"start":{"line":13,"column":4},"end":{"line":13,"column":22}},"2":{"start":{"line":15,"column":17},"end":{"line":15,"column":51}},"3":{"start":{"line":16,"column":21},"end":{"line":16,"column":76}},"4":{"start":{"line":17,"column":21},"end":{"line":17,"column":76}},"5":{"start":{"line":19,"column":4},"end":{"line":32,"column":8}},"6":{"start":{"line":21,"column":8},"end":{"line":27,"column":9}},"7":{"start":{"line":22,"column":10},"end":{"line":22,"column":37}},"8":{"start":{"line":23,"column":10},"end":{"line":23,"column":29}},"9":{"start":{"line":24,"column":10},"end":{"line":24,"column":35}},"10":{"start":{"line":26,"column":10},"end":{"line":26,"column":47}},"11":{"start":{"line":30,"column":8},"end":{"line":30,"column":26}},"12":{"start":{"line":31,"column":8},"end":{"line":31,"column":33}},"13":{"start":{"line":35,"column":2},"end":{"line":46,"column":3}},"14":{"start":{"line":38,"column":31},"end":{"line":38,"column":46}}},"fnMap":{"0":{"name":"Login","decl":{"start":{"line":10,"column":9},"end":{"line":10,"column":14}},"loc":{"start":{"line":10,"column":78},"end":{"line":47,"column":1}},"line":10},"1":{"name":"(anonymous_1)","decl":{"start":{"line":12,"column":23},"end":{"line":12,"column":24}},"loc":{"start":{"line":12,"column":53},"end":{"line":33,"column":3}},"line":12},"2":{"name":"(anonymous_2)","decl":{"start":{"line":20,"column":12},"end":{"line":20,"column":13}},"loc":{"start":{"line":20,"column":22},"end":{"line":28,"column":7}},"line":20},"3":{"name":"(anonymous_3)","decl":{"start":{"line":29,"column":13},"end":{"line":29,"column":14}},"loc":{"start":{"line":29,"column":22},"end":{"line":32,"column":7}},"line":29},"4":{"name":"(anonymous_4)","decl":{"start":{"line":38,"column":24},"end":{"line":38,"column":25}},"loc":{"start":{"line":38,"column":31},"end":{"line":38,"column":46}},"line":38}},"branchMap":{"0":{"loc":{"start":{"line":21,"column":8},"end":{"line":27,"column":9}},"type":"if","locations":[{"start":{"line":21,"column":8},"end":{"line":27,"column":9}},{"start":{"line":25,"column":15},"end":{"line":27,"column":9}}],"line":21}},"s":{"0":31,"1":0,"2":0,"3":0,"4":0,"5":0,"6":0,"7":0,"8":0,"9":0,"10":0,"11":0,"12":0,"13":31,"14":0},"f":{"0":31,"1":0,"2":0,"3":0,"4":0},"b":{"0":[0,0]},"_coverageSchema":"1a1c01bbd47fc00a2c39e90264f33305004495a9","hash":"c51a90b770a8d45df68c65c7035a216a85f075c0"}
,"C:\\Users\\c_mil\\Desktop\\Dev\\TypeScript\\care-central\\src\\componants\\frontend\\ProfileDropdown.tsx": {"path":"C:\\Users\\c_mil\\Desktop\\Dev\\TypeScript\\care-central\\src\\componants\\frontend\\ProfileDropdown.tsx","statementMap":{"0":{"start":{"line":15,"column":19},"end":{"line":20,"column":5}},"1":{"start":{"line":16,"column":8},"end":{"line":16,"column":27}},"2":{"start":{"line":17,"column":8},"end":{"line":17,"column":25}},"3":{"start":{"line":18,"column":8},"end":{"line":18,"column":26}},"4":{"start":{"line":19,"column":8},"end":{"line":19,"column":33}},"5":{"start":{"line":22,"column":4},"end":{"line":33,"column":3}}},"fnMap":{"0":{"name":"ProfileDropdown","decl":{"start":{"line":14,"column":9},"end":{"line":14,"column":24}},"loc":{"start":{"line":14,"column":100},"end":{"line":34,"column":1}},"line":14},"1":{"name":"(anonymous_1)","decl":{"start":{"line":15,"column":19},"end":{"line":15,"column":20}},"loc":{"start":{"line":15,"column":31},"end":{"line":20,"column":5}},"line":15}},"branchMap":{},"s":{"0":1,"1":0,"2":0,"3":0,"4":0,"5":1},"f":{"0":1,"1":0},"b":{},"_coverageSchema":"1a1c01bbd47fc00a2c39e90264f33305004495a9","hash":"c384276f0267c3394af931adf5811384c2af5fe9"}
,"C:\\Users\\c_mil\\Desktop\\Dev\\TypeScript\\care-central\\src\\componants\\frontend\\RoomToggle.tsx": {"path":"C:\\Users\\c_mil\\Desktop\\Dev\\TypeScript\\care-central\\src\\componants\\frontend\\RoomToggle.tsx","statementMap":{"0":{"start":{"line":11,"column":24},"end":{"line":31,"column":5}},"1":{"start":{"line":12,"column":8},"end":{"line":30,"column":9}},"2":{"start":{"line":13,"column":12},"end":{"line":19,"column":18}},"3":{"start":{"line":15,"column":20},"end":{"line":15,"column":30}},"4":{"start":{"line":18,"column":20},"end":{"line":18,"column":65}},"5":{"start":{"line":23,"column":12},"end":{"line":29,"column":18}},"6":{"start":{"line":25,"column":20},"end":{"line":25,"column":30}},"7":{"start":{"line":28,"column":20},"end":{"line":28,"column":65}},"8":{"start":{"line":33,"column":4},"end":{"line":39,"column":3}}},"fnMap":{"0":{"name":"RoomToggle","decl":{"start":{"line":9,"column":9},"end":{"line":9,"column":19}},"loc":{"start":{"line":9,"column":81},"end":{"line":40,"column":1}},"line":9},"1":{"name":"(anonymous_1)","decl":{"start":{"line":11,"column":24},"end":{"line":11,"column":25}},"loc":{"start":{"line":11,"column":30},"end":{"line":31,"column":5}},"line":11},"2":{"name":"(anonymous_2)","decl":{"start":{"line":14,"column":22},"end":{"line":14,"column":23}},"loc":{"start":{"line":14,"column":28},"end":{"line":16,"column":17}},"line":14},"3":{"name":"(anonymous_3)","decl":{"start":{"line":17,"column":23},"end":{"line":17,"column":24}},"loc":{"start":{"line":17,"column":34},"end":{"line":19,"column":17}},"line":17},"4":{"name":"(anonymous_4)","decl":{"start":{"line":24,"column":22},"end":{"line":24,"column":23}},"loc":{"start":{"line":24,"column":28},"end":{"line":26,"column":17}},"line":24},"5":{"name":"(anonymous_5)","decl":{"start":{"line":27,"column":23},"end":{"line":27,"column":24}},"loc":{"start":{"line":27,"column":34},"end":{"line":29,"column":17}},"line":27}},"branchMap":{"0":{"loc":{"start":{"line":12,"column":8},"end":{"line":30,"column":9}},"type":"if","locations":[{"start":{"line":12,"column":8},"end":{"line":30,"column":9}},{"start":{"line":22,"column":13},"end":{"line":30,"column":9}}],"line":12},"1":{"loc":{"start":{"line":35,"column":23},"end":{"line":35,"column":60}},"type":"cond-expr","locations":[{"start":{"line":35,"column":36},"end":{"line":35,"column":46}},{"start":{"line":35,"column":49},"end":{"line":35,"column":60}}],"line":35}},"s":{"0":61,"1":5,"2":2,"3":1,"4":1,"5":3,"6":2,"7":1,"8":61},"f":{"0":61,"1":5,"2":1,"3":1,"4":2,"5":1},"b":{"0":[2,3],"1":[13,48]},"_coverageSchema":"1a1c01bbd47fc00a2c39e90264f33305004495a9","hash":"994ef8d43c50239acb8080b13516ffc5d23d0b1c"}
,"C:\\Users\\c_mil\\Desktop\\Dev\\TypeScript\\care-central\\src\\componants\\frontend\\RoomToggles.tsx": {"path":"C:\\Users\\c_mil\\Desktop\\Dev\\TypeScript\\care-central\\src\\componants\\frontend\\RoomToggles.tsx","statementMap":{"0":{"start":{"line":11,"column":34},"end":{"line":17,"column":4}},"1":{"start":{"line":19,"column":40},"end":{"line":19,"column":74}},"2":{"start":{"line":21,"column":2},"end":{"line":29,"column":16}},"3":{"start":{"line":22,"column":25},"end":{"line":22,"column":85}},"4":{"start":{"line":22,"column":66},"end":{"line":22,"column":84}},"5":{"start":{"line":24,"column":4},"end":{"line":28,"column":5}},"6":{"start":{"line":25,"column":6},"end":{"line":25,"column":34}},"7":{"start":{"line":27,"column":6},"end":{"line":27,"column":31}},"8":{"start":{"line":31,"column":2},"end":{"line":33,"column":12}},"9":{"start":{"line":32,"column":4},"end":{"line":32,"column":24}},"10":{"start":{"line":35,"column":27},"end":{"line":44,"column":3}},"11":{"start":{"line":36,"column":4},"end":{"line":43,"column":6}},"12":{"start":{"line":37,"column":26},"end":{"line":40,"column":39}},"13":{"start":{"line":38,"column":8},"end":{"line":38,"column":60}},"14":{"start":{"line":39,"column":8},"end":{"line":39,"column":18}},"15":{"start":{"line":42,"column":6},"end":{"line":42,"column":24}},"16":{"start":{"line":46,"column":2},"end":{"line":70,"column":3}},"17":{"start":{"line":56,"column":10},"end":{"line":66,"column":16}},"18":{"start":{"line":62,"column":32},"end":{"line":62,"column":58}}},"fnMap":{"0":{"name":"RoomToggles","decl":{"start":{"line":10,"column":9},"end":{"line":10,"column":20}},"loc":{"start":{"line":10,"column":54},"end":{"line":71,"column":1}},"line":10},"1":{"name":"(anonymous_1)","decl":{"start":{"line":21,"column":12},"end":{"line":21,"column":13}},"loc":{"start":{"line":21,"column":18},"end":{"line":29,"column":3}},"line":21},"2":{"name":"(anonymous_2)","decl":{"start":{"line":22,"column":52},"end":{"line":22,"column":53}},"loc":{"start":{"line":22,"column":66},"end":{"line":22,"column":84}},"line":22},"3":{"name":"(anonymous_3)","decl":{"start":{"line":31,"column":12},"end":{"line":31,"column":13}},"loc":{"start":{"line":31,"column":18},"end":{"line":33,"column":3}},"line":31},"4":{"name":"(anonymous_4)","decl":{"start":{"line":35,"column":27},"end":{"line":35,"column":28}},"loc":{"start":{"line":35,"column":49},"end":{"line":44,"column":3}},"line":35},"5":{"name":"(anonymous_5)","decl":{"start":{"line":36,"column":16},"end":{"line":36,"column":17}},"loc":{"start":{"line":36,"column":30},"end":{"line":43,"column":5}},"line":36},"6":{"name":"(anonymous_6)","decl":{"start":{"line":37,"column":55},"end":{"line":37,"column":56}},"loc":{"start":{"line":37,"column":69},"end":{"line":40,"column":7}},"line":37},"7":{"name":"(anonymous_7)","decl":{"start":{"line":55,"column":34},"end":{"line":55,"column":35}},"loc":{"start":{"line":56,"column":10},"end":{"line":66,"column":16}},"line":56},"8":{"name":"(anonymous_8)","decl":{"start":{"line":62,"column":26},"end":{"line":62,"column":27}},"loc":{"start":{"line":62,"column":32},"end":{"line":62,"column":58}},"line":62}},"branchMap":{"0":{"loc":{"start":{"line":24,"column":4},"end":{"line":28,"column":5}},"type":"if","locations":[{"start":{"line":24,"column":4},"end":{"line":28,"column":5}},{"start":{"line":26,"column":11},"end":{"line":28,"column":5}}],"line":24},"1":{"loc":{"start":{"line":38,"column":19},"end":{"line":38,"column":60}},"type":"cond-expr","locations":[{"start":{"line":38,"column":38},"end":{"line":38,"column":52}},{"start":{"line":38,"column":55},"end":{"line":38,"column":60}}],"line":38},"2":{"loc":{"start":{"line":51,"column":12},"end":{"line":51,"column":64}},"type":"cond-expr","locations":[{"start":{"line":51,"column":26},"end":{"line":51,"column":37}},{"start":{"line":51,"column":40},"end":{"line":51,"column":64}}],"line":51}},"s":{"0":16,"1":16,"2":16,"3":10,"4":23,"5":10,"6":7,"7":3,"8":16,"9":10,"10":16,"11":2,"12":2,"13":10,"14":10,"15":2,"16":16,"17":80,"18":2},"f":{"0":16,"1":10,"2":23,"3":10,"4":2,"5":2,"6":10,"7":80,"8":2},"b":{"0":[7,3],"1":[2,8],"2":[12,4]},"_coverageSchema":"1a1c01bbd47fc00a2c39e90264f33305004495a9","hash":"c82f7e39fbfc8ecd9d62dfae090d233a29ba4416"}
,"C:\\Users\\c_mil\\Desktop\\Dev\\TypeScript\\care-central\\src\\componants\\frontend\\SwitchList.tsx": {"path":"C:\\Users\\c_mil\\Desktop\\Dev\\TypeScript\\care-central\\src\\componants\\frontend\\SwitchList.tsx","statementMap":{"0":{"start":{"line":11,"column":38},"end":{"line":11,"column":71}},"1":{"start":{"line":13,"column":4},"end":{"line":18,"column":10}},"2":{"start":{"line":14,"column":8},"end":{"line":17,"column":14}},"3":{"start":{"line":16,"column":16},"end":{"line":16,"column":38}},"4":{"start":{"line":19,"column":2},"end":{"line":33,"column":3}},"5":{"start":{"line":24,"column":18},"end":{"line":29,"column":23}}},"fnMap":{"0":{"name":"SwitchList","decl":{"start":{"line":10,"column":9},"end":{"line":10,"column":19}},"loc":{"start":{"line":10,"column":51},"end":{"line":34,"column":1}},"line":10},"1":{"name":"(anonymous_1)","decl":{"start":{"line":13,"column":14},"end":{"line":13,"column":15}},"loc":{"start":{"line":13,"column":20},"end":{"line":18,"column":5}},"line":13},"2":{"name":"(anonymous_2)","decl":{"start":{"line":15,"column":18},"end":{"line":15,"column":19}},"loc":{"start":{"line":15,"column":32},"end":{"line":17,"column":13}},"line":15},"3":{"name":"(anonymous_3)","decl":{"start":{"line":23,"column":29},"end":{"line":23,"column":30}},"loc":{"start":{"line":24,"column":18},"end":{"line":29,"column":23}},"line":24}},"branchMap":{},"s":{"0":4,"1":4,"2":3,"3":2,"4":4,"5":2},"f":{"0":4,"1":3,"2":2,"3":2},"b":{},"_coverageSchema":"1a1c01bbd47fc00a2c39e90264f33305004495a9","hash":"3788846c9eae72faf3cd14bf43e22214d5066514"}
,"C:\\Users\\c_mil\\Desktop\\Dev\\TypeScript\\care-central\\src\\componants\\frontend\\Toggle.tsx": {"path":"C:\\Users\\c_mil\\Desktop\\Dev\\TypeScript\\care-central\\src\\componants\\frontend\\Toggle.tsx","statementMap":{"0":{"start":{"line":10,"column":26},"end":{"line":10,"column":56}},"1":{"start":{"line":12,"column":22},"end":{"line":18,"column":3}},"2":{"start":{"line":13,"column":4},"end":{"line":17,"column":6}},"3":{"start":{"line":14,"column":22},"end":{"line":14,"column":31}},"4":{"start":{"line":15,"column":6},"end":{"line":15,"column":32}},"5":{"start":{"line":16,"column":6},"end":{"line":16,"column":20}},"6":{"start":{"line":20,"column":2},"end":{"line":24,"column":3}}},"fnMap":{"0":{"name":"Toggle","decl":{"start":{"line":9,"column":9},"end":{"line":9,"column":15}},"loc":{"start":{"line":9,"column":50},"end":{"line":25,"column":1}},"line":9},"1":{"name":"(anonymous_1)","decl":{"start":{"line":12,"column":22},"end":{"line":12,"column":23}},"loc":{"start":{"line":12,"column":28},"end":{"line":18,"column":3}},"line":12},"2":{"name":"(anonymous_2)","decl":{"start":{"line":13,"column":12},"end":{"line":13,"column":13}},"loc":{"start":{"line":13,"column":26},"end":{"line":17,"column":5}},"line":13}},"branchMap":{"0":{"loc":{"start":{"line":22,"column":22},"end":{"line":22,"column":55}},"type":"cond-expr","locations":[{"start":{"line":22,"column":29},"end":{"line":22,"column":40}},{"start":{"line":22,"column":43},"end":{"line":22,"column":55}}],"line":22}},"s":{"0":9,"1":9,"2":2,"3":2,"4":2,"5":2,"6":9},"f":{"0":9,"1":2,"2":2},"b":{"0":[5,4]},"_coverageSchema":"1a1c01bbd47fc00a2c39e90264f33305004495a9","hash":"a785ac3ba4b6fd7d8f4dffab92a47595c075b35f"}
,"C:\\Users\\c_mil\\Desktop\\Dev\\TypeScript\\care-central\\src\\componants\\frontend\\UserInfo.tsx": {"path":"C:\\Users\\c_mil\\Desktop\\Dev\\TypeScript\\care-central\\src\\componants\\frontend\\UserInfo.tsx","statementMap":{"0":{"start":{"line":11,"column":44},"end":{"line":11,"column":73}},"1":{"start":{"line":12,"column":21},"end":{"line":12,"column":48}},"2":{"start":{"line":14,"column":4},"end":{"line":38,"column":14}},"3":{"start":{"line":16,"column":33},"end":{"line":16,"column":56}},"4":{"start":{"line":17,"column":8},"end":{"line":17,"column":60}},"5":{"start":{"line":19,"column":8},"end":{"line":30,"column":9}},"6":{"start":{"line":20,"column":24},"end":{"line":20,"column":61}},"7":{"start":{"line":21,"column":12},"end":{"line":21,"column":45}},"8":{"start":{"line":22,"column":12},"end":{"line":22,"column":34}},"9":{"start":{"line":23,"column":12},"end":{"line":23,"column":32}},"10":{"start":{"line":24,"column":15},"end":{"line":30,"column":9}},"11":{"start":{"line":25,"column":24},"end":{"line":25,"column":40}},"12":{"start":{"line":26,"column":12},"end":{"line":26,"column":34}},"13":{"start":{"line":27,"column":12},"end":{"line":27,"column":72}},"14":{"start":{"line":29,"column":12},"end":{"line":29,"column":73}},"15":{"start":{"line":31,"column":8},"end":{"line":37,"column":9}},"16":{"start":{"line":32,"column":12},"end":{"line":36,"column":13}},"17":{"start":{"line":33,"column":16},"end":{"line":33,"column":60}},"18":{"start":{"line":34,"column":16},"end":{"line":34,"column":53}},"19":{"start":{"line":35,"column":16},"end":{"line":35,"column":39}},"20":{"start":{"line":42,"column":4},"end":{"line":47,"column":3}}},"fnMap":{"0":{"name":"UserInfo","decl":{"start":{"line":9,"column":9},"end":{"line":9,"column":17}},"loc":{"start":{"line":9,"column":41},"end":{"line":48,"column":1}},"line":9},"1":{"name":"(anonymous_1)","decl":{"start":{"line":14,"column":14},"end":{"line":14,"column":15}},"loc":{"start":{"line":14,"column":20},"end":{"line":38,"column":5}},"line":14},"2":{"name":"(anonymous_2)","decl":{"start":{"line":31,"column":15},"end":{"line":31,"column":16}},"loc":{"start":{"line":31,"column":21},"end":{"line":37,"column":9}},"line":31}},"branchMap":{"0":{"loc":{"start":{"line":19,"column":8},"end":{"line":30,"column":9}},"type":"if","locations":[{"start":{"line":19,"column":8},"end":{"line":30,"column":9}},{"start":{"line":24,"column":15},"end":{"line":30,"column":9}}],"line":19},"1":{"loc":{"start":{"line":24,"column":15},"end":{"line":30,"column":9}},"type":"if","locations":[{"start":{"line":24,"column":15},"end":{"line":30,"column":9}},{"start":{"line":28,"column":15},"end":{"line":30,"column":9}}],"line":24},"2":{"loc":{"start":{"line":32,"column":12},"end":{"line":36,"column":13}},"type":"if","locations":[{"start":{"line":32,"column":12},"end":{"line":36,"column":13}},{"start":{},"end":{}}],"line":32},"3":{"loc":{"start":{"line":44,"column":22},"end":{"line":44,"column":49}},"type":"binary-expr","locations":[{"start":{"line":44,"column":22},"end":{"line":44,"column":34}},{"start":{"line":44,"column":38},"end":{"line":44,"column":49}}],"line":44},"4":{"loc":{"start":{"line":45,"column":16},"end":{"line":45,"column":59}},"type":"cond-expr","locations":[{"start":{"line":45,"column":23},"end":{"line":45,"column":41}},{"start":{"line":45,"column":44},"end":{"line":45,"column":59}}],"line":45}},"s":{"0":10,"1":10,"2":10,"3":7,"4":7,"5":7,"6":3,"7":3,"8":3,"9":3,"10":4,"11":1,"12":1,"13":1,"14":3,"15":7,"16":7,"17":3,"18":3,"19":3,"20":10},"f":{"0":10,"1":7,"2":7},"b":{"0":[3,4],"1":[1,3],"2":[3,4],"3":[10,7],"4":[8,2]},"_coverageSchema":"1a1c01bbd47fc00a2c39e90264f33305004495a9","hash":"db4649b6a1784e9c6c75ff22309ab7d5a727ef65"}
}
