{"C:\\Users\\c_mil\\Desktop\\Dev\\TypeScript\\care-central\\src\\componants\\backend\\fetchData.tsx": {"path":"C:\\Users\\c_mil\\Desktop\\Dev\\TypeScript\\care-central\\src\\componants\\backend\\fetchData.tsx","statementMap":{"0":{"start":{"line":15,"column":20},"end":{"line":15,"column":44}},"1":{"start":{"line":18,"column":4},"end":{"line":56,"column":6}},"2":{"start":{"line":19,"column":8},"end":{"line":55,"column":14}},"3":{"start":{"line":20,"column":30},"end":{"line":20,"column":45}},"4":{"start":{"line":22,"column":16},"end":{"line":22,"column":33}},"5":{"start":{"line":23,"column":30},"end":{"line":23,"column":62}},"6":{"start":{"line":24,"column":16},"end":{"line":26,"column":17}},"7":{"start":{"line":25,"column":20},"end":{"line":25,"column":46}},"8":{"start":{"line":27,"column":16},"end":{"line":29,"column":17}},"9":{"start":{"line":28,"column":20},"end":{"line":28,"column":54}},"10":{"start":{"line":30,"column":16},"end":{"line":32,"column":17}},"11":{"start":{"line":31,"column":20},"end":{"line":31,"column":46}},"12":{"start":{"line":33,"column":16},"end":{"line":50,"column":17}},"13":{"start":{"line":34,"column":20},"end":{"line":47,"column":26}},"14":{"start":{"line":35,"column":42},"end":{"line":35,"column":57}},"15":{"start":{"line":37,"column":28},"end":{"line":41,"column":30}},"16":{"start":{"line":38,"column":50},"end":{"line":38,"column":60}},"17":{"start":{"line":39,"column":46},"end":{"line":39,"column":118}},"18":{"start":{"line":40,"column":32},"end":{"line":40,"column":55}},"19":{"start":{"line":42,"column":28},"end":{"line":42,"column":44}},"20":{"start":{"line":45,"column":28},"end":{"line":45,"column":54}},"21":{"start":{"line":46,"column":28},"end":{"line":46,"column":39}},"22":{"start":{"line":49,"column":20},"end":{"line":49,"column":36}},"23":{"start":{"line":53,"column":16},"end":{"line":53,"column":42}},"24":{"start":{"line":54,"column":16},"end":{"line":54,"column":27}},"25":{"start":{"line":60,"column":4},"end":{"line":75,"column":6}},"26":{"start":{"line":61,"column":8},"end":{"line":74,"column":14}},"27":{"start":{"line":67,"column":30},"end":{"line":67,"column":45}},"28":{"start":{"line":69,"column":16},"end":{"line":69,"column":37}},"29":{"start":{"line":72,"column":16},"end":{"line":72,"column":42}},"30":{"start":{"line":73,"column":16},"end":{"line":73,"column":46}},"31":{"start":{"line":79,"column":4},"end":{"line":94,"column":6}},"32":{"start":{"line":80,"column":8},"end":{"line":93,"column":14}},"33":{"start":{"line":86,"column":30},"end":{"line":86,"column":45}},"34":{"start":{"line":88,"column":16},"end":{"line":88,"column":37}},"35":{"start":{"line":91,"column":16},"end":{"line":91,"column":42}},"36":{"start":{"line":92,"column":16},"end":{"line":92,"column":46}},"37":{"start":{"line":98,"column":4},"end":{"line":135,"column":6}},"38":{"start":{"line":101,"column":37},"end":{"line":101,"column":39}},"39":{"start":{"line":104,"column":8},"end":{"line":134,"column":10}},"40":{"start":{"line":105,"column":30},"end":{"line":105,"column":45}},"41":{"start":{"line":107,"column":16},"end":{"line":107,"column":32}},"42":{"start":{"line":109,"column":16},"end":{"line":109,"column":63}},"43":{"start":{"line":111,"column":30},"end":{"line":111,"column":45}},"44":{"start":{"line":113,"column":16},"end":{"line":128,"column":18}},"45":{"start":{"line":114,"column":20},"end":{"line":118,"column":21}},"46":{"start":{"line":115,"column":24},"end":{"line":115,"column":96}},"47":{"start":{"line":117,"column":24},"end":{"line":117,"column":97}},"48":{"start":{"line":121,"column":20},"end":{"line":121,"column":64}},"49":{"start":{"line":122,"column":43},"end":{"line":122,"column":63}},"50":{"start":{"line":123,"column":45},"end":{"line":123,"column":65}},"51":{"start":{"line":124,"column":44},"end":{"line":124,"column":64}},"52":{"start":{"line":125,"column":20},"end":{"line":125,"column":73}},"53":{"start":{"line":127,"column":20},"end":{"line":127,"column":42}},"54":{"start":{"line":129,"column":16},"end":{"line":129,"column":35}},"55":{"start":{"line":132,"column":16},"end":{"line":132,"column":82}},"56":{"start":{"line":133,"column":16},"end":{"line":133,"column":46}},"57":{"start":{"line":139,"column":4},"end":{"line":172,"column":6}},"58":{"start":{"line":140,"column":33},"end":{"line":140,"column":35}},"59":{"start":{"line":143,"column":4},"end":{"line":171,"column":10}},"60":{"start":{"line":144,"column":26},"end":{"line":144,"column":41}},"61":{"start":{"line":146,"column":12},"end":{"line":149,"column":13}},"62":{"start":{"line":147,"column":16},"end":{"line":147,"column":45}},"63":{"start":{"line":148,"column":16},"end":{"line":148,"column":22}},"64":{"start":{"line":150,"column":12},"end":{"line":165,"column":10}},"65":{"start":{"line":151,"column":12},"end":{"line":155,"column":13}},"66":{"start":{"line":152,"column":16},"end":{"line":152,"column":88}},"67":{"start":{"line":154,"column":16},"end":{"line":154,"column":89}},"68":{"start":{"line":158,"column":12},"end":{"line":158,"column":56}},"69":{"start":{"line":159,"column":35},"end":{"line":159,"column":55}},"70":{"start":{"line":160,"column":37},"end":{"line":160,"column":57}},"71":{"start":{"line":161,"column":36},"end":{"line":161,"column":56}},"72":{"start":{"line":162,"column":12},"end":{"line":162,"column":65}},"73":{"start":{"line":164,"column":12},"end":{"line":164,"column":34}},"74":{"start":{"line":166,"column":8},"end":{"line":166,"column":27}},"75":{"start":{"line":169,"column":8},"end":{"line":169,"column":74}},"76":{"start":{"line":170,"column":8},"end":{"line":170,"column":38}},"77":{"start":{"line":176,"column":4},"end":{"line":196,"column":6}},"78":{"start":{"line":177,"column":32},"end":{"line":177,"column":34}},"79":{"start":{"line":180,"column":4},"end":{"line":195,"column":10}},"80":{"start":{"line":181,"column":26},"end":{"line":181,"column":41}},"81":{"start":{"line":183,"column":12},"end":{"line":185,"column":13}},"82":{"start":{"line":184,"column":16},"end":{"line":184,"column":45}},"83":{"start":{"line":186,"column":12},"end":{"line":189,"column":10}},"84":{"start":{"line":187,"column":16},"end":{"line":187,"column":65}},"85":{"start":{"line":188,"column":16},"end":{"line":188,"column":44}},"86":{"start":{"line":190,"column":8},"end":{"line":190,"column":30}},"87":{"start":{"line":193,"column":8},"end":{"line":193,"column":75}},"88":{"start":{"line":194,"column":8},"end":{"line":194,"column":38}}},"fnMap":{"0":{"name":"createUser","decl":{"start":{"line":17,"column":22},"end":{"line":17,"column":32}},"loc":{"start":{"line":17,"column":66},"end":{"line":57,"column":1}},"line":17},"1":{"name":"(anonymous_1)","decl":{"start":{"line":18,"column":23},"end":{"line":18,"column":24}},"loc":{"start":{"line":18,"column":44},"end":{"line":56,"column":5}},"line":18},"2":{"name":"(anonymous_2)","decl":{"start":{"line":20,"column":18},"end":{"line":20,"column":19}},"loc":{"start":{"line":20,"column":30},"end":{"line":20,"column":45}},"line":20},"3":{"name":"(anonymous_3)","decl":{"start":{"line":21,"column":18},"end":{"line":21,"column":19}},"loc":{"start":{"line":21,"column":26},"end":{"line":51,"column":13}},"line":21},"4":{"name":"(anonymous_4)","decl":{"start":{"line":35,"column":30},"end":{"line":35,"column":31}},"loc":{"start":{"line":35,"column":42},"end":{"line":35,"column":57}},"line":35},"5":{"name":"(anonymous_5)","decl":{"start":{"line":36,"column":30},"end":{"line":36,"column":31}},"loc":{"start":{"line":36,"column":39},"end":{"line":43,"column":25}},"line":36},"6":{"name":"(anonymous_6)","decl":{"start":{"line":37,"column":55},"end":{"line":37,"column":56}},"loc":{"start":{"line":37,"column":72},"end":{"line":41,"column":29}},"line":37},"7":{"name":"(anonymous_7)","decl":{"start":{"line":44,"column":31},"end":{"line":44,"column":32}},"loc":{"start":{"line":44,"column":38},"end":{"line":47,"column":25}},"line":44},"8":{"name":"(anonymous_8)","decl":{"start":{"line":52,"column":19},"end":{"line":52,"column":20}},"loc":{"start":{"line":52,"column":26},"end":{"line":55,"column":13}},"line":52},"9":{"name":"toggleChildIsAttending","decl":{"start":{"line":59,"column":22},"end":{"line":59,"column":44}},"loc":{"start":{"line":59,"column":85},"end":{"line":76,"column":1}},"line":59},"10":{"name":"(anonymous_10)","decl":{"start":{"line":60,"column":23},"end":{"line":60,"column":24}},"loc":{"start":{"line":60,"column":44},"end":{"line":75,"column":5}},"line":60},"11":{"name":"(anonymous_11)","decl":{"start":{"line":67,"column":18},"end":{"line":67,"column":19}},"loc":{"start":{"line":67,"column":30},"end":{"line":67,"column":45}},"line":67},"12":{"name":"(anonymous_12)","decl":{"start":{"line":68,"column":18},"end":{"line":68,"column":19}},"loc":{"start":{"line":68,"column":26},"end":{"line":70,"column":13}},"line":68},"13":{"name":"(anonymous_13)","decl":{"start":{"line":71,"column":19},"end":{"line":71,"column":20}},"loc":{"start":{"line":71,"column":26},"end":{"line":74,"column":13}},"line":71},"14":{"name":"toggleUserRoom","decl":{"start":{"line":78,"column":22},"end":{"line":78,"column":36}},"loc":{"start":{"line":78,"column":97},"end":{"line":95,"column":1}},"line":78},"15":{"name":"(anonymous_15)","decl":{"start":{"line":79,"column":23},"end":{"line":79,"column":24}},"loc":{"start":{"line":79,"column":44},"end":{"line":94,"column":5}},"line":79},"16":{"name":"(anonymous_16)","decl":{"start":{"line":86,"column":18},"end":{"line":86,"column":19}},"loc":{"start":{"line":86,"column":30},"end":{"line":86,"column":45}},"line":86},"17":{"name":"(anonymous_17)","decl":{"start":{"line":87,"column":18},"end":{"line":87,"column":19}},"loc":{"start":{"line":87,"column":26},"end":{"line":89,"column":13}},"line":87},"18":{"name":"(anonymous_18)","decl":{"start":{"line":90,"column":19},"end":{"line":90,"column":20}},"loc":{"start":{"line":90,"column":26},"end":{"line":93,"column":13}},"line":90},"19":{"name":"createChildrenList","decl":{"start":{"line":97,"column":22},"end":{"line":97,"column":40}},"loc":{"start":{"line":97,"column":80},"end":{"line":136,"column":1}},"line":97},"20":{"name":"(anonymous_20)","decl":{"start":{"line":98,"column":23},"end":{"line":98,"column":24}},"loc":{"start":{"line":98,"column":44},"end":{"line":135,"column":5}},"line":98},"21":{"name":"(anonymous_21)","decl":{"start":{"line":105,"column":18},"end":{"line":105,"column":19}},"loc":{"start":{"line":105,"column":30},"end":{"line":105,"column":45}},"line":105},"22":{"name":"(anonymous_22)","decl":{"start":{"line":106,"column":18},"end":{"line":106,"column":19}},"loc":{"start":{"line":106,"column":26},"end":{"line":110,"column":13}},"line":106},"23":{"name":"(anonymous_23)","decl":{"start":{"line":111,"column":18},"end":{"line":111,"column":19}},"loc":{"start":{"line":111,"column":30},"end":{"line":111,"column":45}},"line":111},"24":{"name":"(anonymous_24)","decl":{"start":{"line":112,"column":18},"end":{"line":112,"column":19}},"loc":{"start":{"line":112,"column":26},"end":{"line":130,"column":13}},"line":112},"25":{"name":"(anonymous_25)","decl":{"start":{"line":113,"column":42},"end":{"line":113,"column":43}},"loc":{"start":{"line":113,"column":59},"end":{"line":128,"column":17}},"line":113},"26":{"name":"(anonymous_26)","decl":{"start":{"line":131,"column":19},"end":{"line":131,"column":20}},"loc":{"start":{"line":131,"column":26},"end":{"line":134,"column":9}},"line":131},"27":{"name":"getChildrenByRoomName","decl":{"start":{"line":138,"column":22},"end":{"line":138,"column":43}},"loc":{"start":{"line":138,"column":83},"end":{"line":173,"column":1}},"line":138},"28":{"name":"(anonymous_28)","decl":{"start":{"line":139,"column":23},"end":{"line":139,"column":24}},"loc":{"start":{"line":139,"column":44},"end":{"line":172,"column":5}},"line":139},"29":{"name":"(anonymous_29)","decl":{"start":{"line":144,"column":14},"end":{"line":144,"column":15}},"loc":{"start":{"line":144,"column":26},"end":{"line":144,"column":41}},"line":144},"30":{"name":"(anonymous_30)","decl":{"start":{"line":145,"column":14},"end":{"line":145,"column":15}},"loc":{"start":{"line":145,"column":22},"end":{"line":167,"column":5}},"line":145},"31":{"name":"(anonymous_31)","decl":{"start":{"line":150,"column":38},"end":{"line":150,"column":39}},"loc":{"start":{"line":150,"column":55},"end":{"line":165,"column":9}},"line":150},"32":{"name":"(anonymous_32)","decl":{"start":{"line":168,"column":11},"end":{"line":168,"column":12}},"loc":{"start":{"line":168,"column":18},"end":{"line":171,"column":9}},"line":168},"33":{"name":"getEducatorsByRoomName","decl":{"start":{"line":175,"column":22},"end":{"line":175,"column":44}},"loc":{"start":{"line":175,"column":80},"end":{"line":197,"column":1}},"line":175},"34":{"name":"(anonymous_34)","decl":{"start":{"line":176,"column":23},"end":{"line":176,"column":24}},"loc":{"start":{"line":176,"column":44},"end":{"line":196,"column":5}},"line":176},"35":{"name":"(anonymous_35)","decl":{"start":{"line":181,"column":14},"end":{"line":181,"column":15}},"loc":{"start":{"line":181,"column":26},"end":{"line":181,"column":41}},"line":181},"36":{"name":"(anonymous_36)","decl":{"start":{"line":182,"column":14},"end":{"line":182,"column":15}},"loc":{"start":{"line":182,"column":22},"end":{"line":191,"column":5}},"line":182},"37":{"name":"(anonymous_37)","decl":{"start":{"line":186,"column":38},"end":{"line":186,"column":39}},"loc":{"start":{"line":186,"column":55},"end":{"line":189,"column":9}},"line":186},"38":{"name":"(anonymous_38)","decl":{"start":{"line":192,"column":11},"end":{"line":192,"column":12}},"loc":{"start":{"line":192,"column":18},"end":{"line":195,"column":9}},"line":192}},"branchMap":{"0":{"loc":{"start":{"line":24,"column":16},"end":{"line":26,"column":17}},"type":"if","locations":[{"start":{"line":24,"column":16},"end":{"line":26,"column":17}},{"start":{},"end":{}}],"line":24},"1":{"loc":{"start":{"line":27,"column":16},"end":{"line":29,"column":17}},"type":"if","locations":[{"start":{"line":27,"column":16},"end":{"line":29,"column":17}},{"start":{},"end":{}}],"line":27},"2":{"loc":{"start":{"line":30,"column":16},"end":{"line":32,"column":17}},"type":"if","locations":[{"start":{"line":30,"column":16},"end":{"line":32,"column":17}},{"start":{},"end":{}}],"line":30},"3":{"loc":{"start":{"line":33,"column":16},"end":{"line":50,"column":17}},"type":"if","locations":[{"start":{"line":33,"column":16},"end":{"line":50,"column":17}},{"start":{"line":48,"column":23},"end":{"line":50,"column":17}}],"line":33},"4":{"loc":{"start":{"line":114,"column":20},"end":{"line":118,"column":21}},"type":"if","locations":[{"start":{"line":114,"column":20},"end":{"line":118,"column":21}},{"start":{"line":116,"column":27},"end":{"line":118,"column":21}}],"line":114},"5":{"loc":{"start":{"line":146,"column":12},"end":{"line":149,"column":13}},"type":"if","locations":[{"start":{"line":146,"column":12},"end":{"line":149,"column":13}},{"start":{},"end":{}}],"line":146},"6":{"loc":{"start":{"line":151,"column":12},"end":{"line":155,"column":13}},"type":"if","locations":[{"start":{"line":151,"column":12},"end":{"line":155,"column":13}},{"start":{"line":153,"column":19},"end":{"line":155,"column":13}}],"line":151},"7":{"loc":{"start":{"line":183,"column":12},"end":{"line":185,"column":13}},"type":"if","locations":[{"start":{"line":183,"column":12},"end":{"line":185,"column":13}},{"start":{},"end":{}}],"line":183}},"s":{"0":6,"1":20,"2":20,"3":8,"4":8,"5":8,"6":8,"7":6,"8":8,"9":6,"10":8,"11":6,"12":8,"13":7,"14":6,"15":6,"16":2,"17":2,"18":2,"19":6,"20":1,"21":1,"22":1,"23":11,"24":11,"25":6,"26":6,"27":1,"28":1,"29":2,"30":2,"31":3,"32":3,"33":2,"34":2,"35":1,"36":1,"37":5,"38":5,"39":5,"40":3,"41":3,"42":3,"43":3,"44":3,"45":2,"46":1,"47":1,"48":2,"49":2,"50":2,"51":2,"52":2,"53":2,"54":3,"55":1,"56":1,"57":4,"58":4,"59":4,"60":3,"61":3,"62":1,"63":1,"64":2,"65":2,"66":1,"67":1,"68":2,"69":2,"70":2,"71":2,"72":2,"73":2,"74":2,"75":1,"76":1,"77":3,"78":3,"79":3,"80":2,"81":2,"82":1,"83":2,"84":2,"85":2,"86":2,"87":1,"88":1},"f":{"0":20,"1":20,"2":8,"3":8,"4":6,"5":6,"6":2,"7":1,"8":11,"9":6,"10":6,"11":1,"12":1,"13":2,"14":3,"15":3,"16":2,"17":2,"18":1,"19":5,"20":5,"21":3,"22":3,"23":3,"24":3,"25":2,"26":1,"27":4,"28":4,"29":3,"30":3,"31":2,"32":1,"33":3,"34":3,"35":2,"36":2,"37":2,"38":1},"b":{"0":[6,2],"1":[6,2],"2":[6,2],"3":[7,1],"4":[1,1],"5":[1,2],"6":[1,1],"7":[1,1]},"_coverageSchema":"1a1c01bbd47fc00a2c39e90264f33305004495a9","hash":"eb18269a5441105e9552a5d0205c2549e132429b"}
,"C:\\Users\\c_mil\\Desktop\\Dev\\TypeScript\\care-central\\src\\componants\\frontend\\App.tsx": {"path":"C:\\Users\\c_mil\\Desktop\\Dev\\TypeScript\\care-central\\src\\componants\\frontend\\App.tsx","statementMap":{"0":{"start":{"line":15,"column":34},"end":{"line":15,"column":58}},"1":{"start":{"line":17,"column":26},"end":{"line":17,"column":97}},"2":{"start":{"line":19,"column":34},"end":{"line":19,"column":55}},"3":{"start":{"line":20,"column":26},"end":{"line":20,"column":49}},"4":{"start":{"line":21,"column":52},"end":{"line":21,"column":76}},"5":{"start":{"line":23,"column":2},"end":{"line":37,"column":16}},"6":{"start":{"line":24,"column":4},"end":{"line":24,"column":32}},"7":{"start":{"line":25,"column":4},"end":{"line":36,"column":6}},"8":{"start":{"line":27,"column":8},"end":{"line":27,"column":25}},"9":{"start":{"line":28,"column":8},"end":{"line":32,"column":9}},"10":{"start":{"line":29,"column":10},"end":{"line":29,"column":53}},"11":{"start":{"line":31,"column":10},"end":{"line":31,"column":57}},"12":{"start":{"line":35,"column":6},"end":{"line":35,"column":48}},"13":{"start":{"line":39,"column":2},"end":{"line":66,"column":4}},"14":{"start":{"line":46,"column":31},"end":{"line":46,"column":74}},"15":{"start":{"line":46,"column":63},"end":{"line":46,"column":73}}},"fnMap":{"0":{"name":"App","decl":{"start":{"line":13,"column":9},"end":{"line":13,"column":12}},"loc":{"start":{"line":13,"column":15},"end":{"line":67,"column":1}},"line":13},"1":{"name":"(anonymous_1)","decl":{"start":{"line":23,"column":12},"end":{"line":23,"column":13}},"loc":{"start":{"line":23,"column":18},"end":{"line":37,"column":3}},"line":23},"2":{"name":"(anonymous_2)","decl":{"start":{"line":26,"column":12},"end":{"line":26,"column":13}},"loc":{"start":{"line":26,"column":26},"end":{"line":33,"column":7}},"line":26},"3":{"name":"(anonymous_3)","decl":{"start":{"line":34,"column":13},"end":{"line":34,"column":14}},"loc":{"start":{"line":34,"column":22},"end":{"line":36,"column":5}},"line":34},"4":{"name":"(anonymous_4)","decl":{"start":{"line":46,"column":23},"end":{"line":46,"column":24}},"loc":{"start":{"line":46,"column":29},"end":{"line":46,"column":76}},"line":46},"5":{"name":"(anonymous_5)","decl":{"start":{"line":46,"column":50},"end":{"line":46,"column":51}},"loc":{"start":{"line":46,"column":63},"end":{"line":46,"column":73}},"line":46}},"branchMap":{"0":{"loc":{"start":{"line":28,"column":8},"end":{"line":32,"column":9}},"type":"if","locations":[{"start":{"line":28,"column":8},"end":{"line":32,"column":9}},{"start":{"line":30,"column":15},"end":{"line":32,"column":9}}],"line":28},"1":{"loc":{"start":{"line":52,"column":7},"end":{"line":52,"column":74}},"type":"cond-expr","locations":[{"start":{"line":52,"column":29},"end":{"line":52,"column":67}},{"start":{"line":52,"column":70},"end":{"line":52,"column":74}}],"line":52},"2":{"loc":{"start":{"line":55,"column":11},"end":{"line":55,"column":83}},"type":"cond-expr","locations":[{"start":{"line":55,"column":42},"end":{"line":55,"column":76}},{"start":{"line":55,"column":79},"end":{"line":55,"column":83}}],"line":55},"3":{"loc":{"start":{"line":56,"column":11},"end":{"line":56,"column":100}},"type":"cond-expr","locations":[{"start":{"line":56,"column":44},"end":{"line":56,"column":93}},{"start":{"line":56,"column":96},"end":{"line":56,"column":100}}],"line":56},"4":{"loc":{"start":{"line":59,"column":11},"end":{"line":59,"column":151}},"type":"cond-expr","locations":[{"start":{"line":59,"column":44},"end":{"line":59,"column":144}},{"start":{"line":59,"column":147},"end":{"line":59,"column":151}}],"line":59}},"s":{"0":20,"1":20,"2":20,"3":20,"4":20,"5":20,"6":14,"7":14,"8":5,"9":5,"10":4,"11":1,"12":9,"13":20,"14":3,"15":3},"f":{"0":20,"1":14,"2":5,"3":9,"4":3,"5":3},"b":{"0":[4,1],"1":[2,18],"2":[1,19],"3":[2,18],"4":[2,18]},"_coverageSchema":"1a1c01bbd47fc00a2c39e90264f33305004495a9","hash":"cc9adab60c3fe3b39e43ea43057df7238d0d5c6b"}
,"C:\\Users\\c_mil\\Desktop\\Dev\\TypeScript\\care-central\\src\\componants\\frontend\\EducatorRoomData.tsx": {"path":"C:\\Users\\c_mil\\Desktop\\Dev\\TypeScript\\care-central\\src\\componants\\frontend\\EducatorRoomData.tsx","statementMap":{"0":{"start":{"line":13,"column":4},"end":{"line":30,"column":10}},"1":{"start":{"line":14,"column":22},"end":{"line":14,"column":74}},"2":{"start":{"line":14,"column":54},"end":{"line":14,"column":73}},"3":{"start":{"line":15,"column":30},"end":{"line":27,"column":9}},"4":{"start":{"line":16,"column":12},"end":{"line":26,"column":13}},"5":{"start":{"line":17,"column":16},"end":{"line":22,"column":17}},"6":{"start":{"line":19,"column":24},"end":{"line":19,"column":49}},"7":{"start":{"line":20,"column":24},"end":{"line":20,"column":50}},"8":{"start":{"line":23,"column":16},"end":{"line":23,"column":34}},"9":{"start":{"line":25,"column":16},"end":{"line":25,"column":58}},"10":{"start":{"line":29,"column":8},"end":{"line":29,"column":24}},"11":{"start":{"line":32,"column":2},"end":{"line":42,"column":3}},"12":{"start":{"line":35,"column":14},"end":{"line":39,"column":20}}},"fnMap":{"0":{"name":"EducatorRoomData","decl":{"start":{"line":11,"column":9},"end":{"line":11,"column":25}},"loc":{"start":{"line":11,"column":87},"end":{"line":43,"column":1}},"line":11},"1":{"name":"(anonymous_1)","decl":{"start":{"line":13,"column":14},"end":{"line":13,"column":15}},"loc":{"start":{"line":13,"column":20},"end":{"line":30,"column":5}},"line":13},"2":{"name":"(anonymous_2)","decl":{"start":{"line":14,"column":42},"end":{"line":14,"column":43}},"loc":{"start":{"line":14,"column":54},"end":{"line":14,"column":73}},"line":14},"3":{"name":"(anonymous_3)","decl":{"start":{"line":15,"column":30},"end":{"line":15,"column":31}},"loc":{"start":{"line":15,"column":42},"end":{"line":27,"column":9}},"line":15},"4":{"name":"(anonymous_4)","decl":{"start":{"line":18,"column":30},"end":{"line":18,"column":31}},"loc":{"start":{"line":18,"column":46},"end":{"line":21,"column":21}},"line":18},"5":{"name":"(anonymous_5)","decl":{"start":{"line":34,"column":24},"end":{"line":34,"column":25}},"loc":{"start":{"line":35,"column":14},"end":{"line":39,"column":20}},"line":35}},"branchMap":{"0":{"loc":{"start":{"line":38,"column":32},"end":{"line":38,"column":76}},"type":"cond-expr","locations":[{"start":{"line":38,"column":57},"end":{"line":38,"column":59}},{"start":{"line":38,"column":62},"end":{"line":38,"column":76}}],"line":38}},"s":{"0":4,"1":4,"2":15,"3":4,"4":4,"5":4,"6":15,"7":5,"8":2,"9":2,"10":4,"11":4,"12":3},"f":{"0":4,"1":4,"2":15,"3":4,"4":15,"5":3},"b":{"0":[2,1]},"_coverageSchema":"1a1c01bbd47fc00a2c39e90264f33305004495a9","hash":"cad31eaa103124625fd07ebe39e1f3ac6b3e92bf"}
,"C:\\Users\\c_mil\\Desktop\\Dev\\TypeScript\\care-central\\src\\componants\\frontend\\ProfileDropdown.tsx": {"path":"C:\\Users\\c_mil\\Desktop\\Dev\\TypeScript\\care-central\\src\\componants\\frontend\\ProfileDropdown.tsx","statementMap":{"0":{"start":{"line":8,"column":4},"end":{"line":13,"column":3}}},"fnMap":{"0":{"name":"ProfileDropdown","decl":{"start":{"line":7,"column":9},"end":{"line":7,"column":24}},"loc":{"start":{"line":7,"column":50},"end":{"line":14,"column":1}},"line":7}},"branchMap":{},"s":{"0":1},"f":{"0":1},"b":{},"_coverageSchema":"1a1c01bbd47fc00a2c39e90264f33305004495a9","hash":"e2721b8ad5ab70dc82f598ae9770ce4c32463cb4"}
,"C:\\Users\\c_mil\\Desktop\\Dev\\TypeScript\\care-central\\src\\componants\\frontend\\RoomToggle.tsx": {"path":"C:\\Users\\c_mil\\Desktop\\Dev\\TypeScript\\care-central\\src\\componants\\frontend\\RoomToggle.tsx","statementMap":{"0":{"start":{"line":11,"column":24},"end":{"line":31,"column":5}},"1":{"start":{"line":12,"column":8},"end":{"line":30,"column":9}},"2":{"start":{"line":13,"column":12},"end":{"line":19,"column":18}},"3":{"start":{"line":15,"column":20},"end":{"line":15,"column":30}},"4":{"start":{"line":18,"column":20},"end":{"line":18,"column":65}},"5":{"start":{"line":23,"column":12},"end":{"line":29,"column":18}},"6":{"start":{"line":25,"column":20},"end":{"line":25,"column":30}},"7":{"start":{"line":28,"column":20},"end":{"line":28,"column":65}},"8":{"start":{"line":33,"column":4},"end":{"line":39,"column":3}}},"fnMap":{"0":{"name":"RoomToggle","decl":{"start":{"line":9,"column":9},"end":{"line":9,"column":19}},"loc":{"start":{"line":9,"column":81},"end":{"line":40,"column":1}},"line":9},"1":{"name":"(anonymous_1)","decl":{"start":{"line":11,"column":24},"end":{"line":11,"column":25}},"loc":{"start":{"line":11,"column":30},"end":{"line":31,"column":5}},"line":11},"2":{"name":"(anonymous_2)","decl":{"start":{"line":14,"column":22},"end":{"line":14,"column":23}},"loc":{"start":{"line":14,"column":28},"end":{"line":16,"column":17}},"line":14},"3":{"name":"(anonymous_3)","decl":{"start":{"line":17,"column":23},"end":{"line":17,"column":24}},"loc":{"start":{"line":17,"column":34},"end":{"line":19,"column":17}},"line":17},"4":{"name":"(anonymous_4)","decl":{"start":{"line":24,"column":22},"end":{"line":24,"column":23}},"loc":{"start":{"line":24,"column":28},"end":{"line":26,"column":17}},"line":24},"5":{"name":"(anonymous_5)","decl":{"start":{"line":27,"column":23},"end":{"line":27,"column":24}},"loc":{"start":{"line":27,"column":34},"end":{"line":29,"column":17}},"line":27}},"branchMap":{"0":{"loc":{"start":{"line":12,"column":8},"end":{"line":30,"column":9}},"type":"if","locations":[{"start":{"line":12,"column":8},"end":{"line":30,"column":9}},{"start":{"line":22,"column":13},"end":{"line":30,"column":9}}],"line":12},"1":{"loc":{"start":{"line":35,"column":23},"end":{"line":35,"column":60}},"type":"cond-expr","locations":[{"start":{"line":35,"column":36},"end":{"line":35,"column":46}},{"start":{"line":35,"column":49},"end":{"line":35,"column":60}}],"line":35}},"s":{"0":61,"1":5,"2":2,"3":1,"4":1,"5":3,"6":2,"7":1,"8":61},"f":{"0":61,"1":5,"2":1,"3":1,"4":2,"5":1},"b":{"0":[2,3],"1":[13,48]},"_coverageSchema":"1a1c01bbd47fc00a2c39e90264f33305004495a9","hash":"994ef8d43c50239acb8080b13516ffc5d23d0b1c"}
,"C:\\Users\\c_mil\\Desktop\\Dev\\TypeScript\\care-central\\src\\componants\\frontend\\RoomToggles.tsx": {"path":"C:\\Users\\c_mil\\Desktop\\Dev\\TypeScript\\care-central\\src\\componants\\frontend\\RoomToggles.tsx","statementMap":{"0":{"start":{"line":11,"column":34},"end":{"line":17,"column":4}},"1":{"start":{"line":19,"column":40},"end":{"line":19,"column":74}},"2":{"start":{"line":21,"column":2},"end":{"line":29,"column":16}},"3":{"start":{"line":22,"column":25},"end":{"line":22,"column":85}},"4":{"start":{"line":22,"column":66},"end":{"line":22,"column":84}},"5":{"start":{"line":24,"column":4},"end":{"line":28,"column":5}},"6":{"start":{"line":25,"column":6},"end":{"line":25,"column":34}},"7":{"start":{"line":27,"column":6},"end":{"line":27,"column":31}},"8":{"start":{"line":31,"column":2},"end":{"line":33,"column":12}},"9":{"start":{"line":32,"column":4},"end":{"line":32,"column":24}},"10":{"start":{"line":35,"column":27},"end":{"line":44,"column":3}},"11":{"start":{"line":36,"column":4},"end":{"line":43,"column":6}},"12":{"start":{"line":37,"column":26},"end":{"line":40,"column":39}},"13":{"start":{"line":38,"column":8},"end":{"line":38,"column":60}},"14":{"start":{"line":39,"column":8},"end":{"line":39,"column":18}},"15":{"start":{"line":42,"column":6},"end":{"line":42,"column":24}},"16":{"start":{"line":46,"column":2},"end":{"line":70,"column":3}},"17":{"start":{"line":56,"column":10},"end":{"line":66,"column":16}},"18":{"start":{"line":62,"column":32},"end":{"line":62,"column":58}}},"fnMap":{"0":{"name":"RoomToggles","decl":{"start":{"line":10,"column":9},"end":{"line":10,"column":20}},"loc":{"start":{"line":10,"column":54},"end":{"line":71,"column":1}},"line":10},"1":{"name":"(anonymous_1)","decl":{"start":{"line":21,"column":12},"end":{"line":21,"column":13}},"loc":{"start":{"line":21,"column":18},"end":{"line":29,"column":3}},"line":21},"2":{"name":"(anonymous_2)","decl":{"start":{"line":22,"column":52},"end":{"line":22,"column":53}},"loc":{"start":{"line":22,"column":66},"end":{"line":22,"column":84}},"line":22},"3":{"name":"(anonymous_3)","decl":{"start":{"line":31,"column":12},"end":{"line":31,"column":13}},"loc":{"start":{"line":31,"column":18},"end":{"line":33,"column":3}},"line":31},"4":{"name":"(anonymous_4)","decl":{"start":{"line":35,"column":27},"end":{"line":35,"column":28}},"loc":{"start":{"line":35,"column":49},"end":{"line":44,"column":3}},"line":35},"5":{"name":"(anonymous_5)","decl":{"start":{"line":36,"column":16},"end":{"line":36,"column":17}},"loc":{"start":{"line":36,"column":30},"end":{"line":43,"column":5}},"line":36},"6":{"name":"(anonymous_6)","decl":{"start":{"line":37,"column":55},"end":{"line":37,"column":56}},"loc":{"start":{"line":37,"column":69},"end":{"line":40,"column":7}},"line":37},"7":{"name":"(anonymous_7)","decl":{"start":{"line":55,"column":34},"end":{"line":55,"column":35}},"loc":{"start":{"line":56,"column":10},"end":{"line":66,"column":16}},"line":56},"8":{"name":"(anonymous_8)","decl":{"start":{"line":62,"column":26},"end":{"line":62,"column":27}},"loc":{"start":{"line":62,"column":32},"end":{"line":62,"column":58}},"line":62}},"branchMap":{"0":{"loc":{"start":{"line":24,"column":4},"end":{"line":28,"column":5}},"type":"if","locations":[{"start":{"line":24,"column":4},"end":{"line":28,"column":5}},{"start":{"line":26,"column":11},"end":{"line":28,"column":5}}],"line":24},"1":{"loc":{"start":{"line":38,"column":19},"end":{"line":38,"column":60}},"type":"cond-expr","locations":[{"start":{"line":38,"column":38},"end":{"line":38,"column":52}},{"start":{"line":38,"column":55},"end":{"line":38,"column":60}}],"line":38},"2":{"loc":{"start":{"line":51,"column":12},"end":{"line":51,"column":64}},"type":"cond-expr","locations":[{"start":{"line":51,"column":26},"end":{"line":51,"column":37}},{"start":{"line":51,"column":40},"end":{"line":51,"column":64}}],"line":51}},"s":{"0":16,"1":16,"2":16,"3":10,"4":23,"5":10,"6":7,"7":3,"8":16,"9":10,"10":16,"11":2,"12":2,"13":10,"14":10,"15":2,"16":16,"17":80,"18":2},"f":{"0":16,"1":10,"2":23,"3":10,"4":2,"5":2,"6":10,"7":80,"8":2},"b":{"0":[7,3],"1":[2,8],"2":[12,4]},"_coverageSchema":"1a1c01bbd47fc00a2c39e90264f33305004495a9","hash":"c82f7e39fbfc8ecd9d62dfae090d233a29ba4416"}
,"C:\\Users\\c_mil\\Desktop\\Dev\\TypeScript\\care-central\\src\\componants\\frontend\\SwitchList.tsx": {"path":"C:\\Users\\c_mil\\Desktop\\Dev\\TypeScript\\care-central\\src\\componants\\frontend\\SwitchList.tsx","statementMap":{"0":{"start":{"line":11,"column":38},"end":{"line":11,"column":71}},"1":{"start":{"line":13,"column":4},"end":{"line":18,"column":10}},"2":{"start":{"line":14,"column":8},"end":{"line":17,"column":14}},"3":{"start":{"line":16,"column":16},"end":{"line":16,"column":38}},"4":{"start":{"line":19,"column":2},"end":{"line":33,"column":3}},"5":{"start":{"line":24,"column":18},"end":{"line":29,"column":23}}},"fnMap":{"0":{"name":"SwitchList","decl":{"start":{"line":10,"column":9},"end":{"line":10,"column":19}},"loc":{"start":{"line":10,"column":51},"end":{"line":34,"column":1}},"line":10},"1":{"name":"(anonymous_1)","decl":{"start":{"line":13,"column":14},"end":{"line":13,"column":15}},"loc":{"start":{"line":13,"column":20},"end":{"line":18,"column":5}},"line":13},"2":{"name":"(anonymous_2)","decl":{"start":{"line":15,"column":18},"end":{"line":15,"column":19}},"loc":{"start":{"line":15,"column":32},"end":{"line":17,"column":13}},"line":15},"3":{"name":"(anonymous_3)","decl":{"start":{"line":23,"column":29},"end":{"line":23,"column":30}},"loc":{"start":{"line":24,"column":18},"end":{"line":29,"column":23}},"line":24}},"branchMap":{},"s":{"0":4,"1":4,"2":3,"3":2,"4":4,"5":2},"f":{"0":4,"1":3,"2":2,"3":2},"b":{},"_coverageSchema":"1a1c01bbd47fc00a2c39e90264f33305004495a9","hash":"3788846c9eae72faf3cd14bf43e22214d5066514"}
,"C:\\Users\\c_mil\\Desktop\\Dev\\TypeScript\\care-central\\src\\componants\\frontend\\Toggle.tsx": {"path":"C:\\Users\\c_mil\\Desktop\\Dev\\TypeScript\\care-central\\src\\componants\\frontend\\Toggle.tsx","statementMap":{"0":{"start":{"line":10,"column":26},"end":{"line":10,"column":56}},"1":{"start":{"line":12,"column":22},"end":{"line":18,"column":3}},"2":{"start":{"line":13,"column":4},"end":{"line":17,"column":6}},"3":{"start":{"line":14,"column":22},"end":{"line":14,"column":31}},"4":{"start":{"line":15,"column":6},"end":{"line":15,"column":32}},"5":{"start":{"line":16,"column":6},"end":{"line":16,"column":20}},"6":{"start":{"line":20,"column":2},"end":{"line":24,"column":3}}},"fnMap":{"0":{"name":"Toggle","decl":{"start":{"line":9,"column":9},"end":{"line":9,"column":15}},"loc":{"start":{"line":9,"column":50},"end":{"line":25,"column":1}},"line":9},"1":{"name":"(anonymous_1)","decl":{"start":{"line":12,"column":22},"end":{"line":12,"column":23}},"loc":{"start":{"line":12,"column":28},"end":{"line":18,"column":3}},"line":12},"2":{"name":"(anonymous_2)","decl":{"start":{"line":13,"column":12},"end":{"line":13,"column":13}},"loc":{"start":{"line":13,"column":26},"end":{"line":17,"column":5}},"line":13}},"branchMap":{"0":{"loc":{"start":{"line":22,"column":22},"end":{"line":22,"column":55}},"type":"cond-expr","locations":[{"start":{"line":22,"column":29},"end":{"line":22,"column":40}},{"start":{"line":22,"column":43},"end":{"line":22,"column":55}}],"line":22}},"s":{"0":9,"1":9,"2":2,"3":2,"4":2,"5":2,"6":9},"f":{"0":9,"1":2,"2":2},"b":{"0":[5,4]},"_coverageSchema":"1a1c01bbd47fc00a2c39e90264f33305004495a9","hash":"a785ac3ba4b6fd7d8f4dffab92a47595c075b35f"}
,"C:\\Users\\c_mil\\Desktop\\Dev\\TypeScript\\care-central\\src\\componants\\frontend\\UserInfo.tsx": {"path":"C:\\Users\\c_mil\\Desktop\\Dev\\TypeScript\\care-central\\src\\componants\\frontend\\UserInfo.tsx","statementMap":{"0":{"start":{"line":11,"column":44},"end":{"line":11,"column":73}},"1":{"start":{"line":12,"column":21},"end":{"line":12,"column":48}},"2":{"start":{"line":14,"column":4},"end":{"line":38,"column":14}},"3":{"start":{"line":16,"column":33},"end":{"line":16,"column":56}},"4":{"start":{"line":17,"column":8},"end":{"line":17,"column":60}},"5":{"start":{"line":19,"column":8},"end":{"line":30,"column":9}},"6":{"start":{"line":20,"column":24},"end":{"line":20,"column":61}},"7":{"start":{"line":21,"column":12},"end":{"line":21,"column":45}},"8":{"start":{"line":22,"column":12},"end":{"line":22,"column":34}},"9":{"start":{"line":23,"column":12},"end":{"line":23,"column":32}},"10":{"start":{"line":24,"column":15},"end":{"line":30,"column":9}},"11":{"start":{"line":25,"column":24},"end":{"line":25,"column":40}},"12":{"start":{"line":26,"column":12},"end":{"line":26,"column":34}},"13":{"start":{"line":27,"column":12},"end":{"line":27,"column":72}},"14":{"start":{"line":29,"column":12},"end":{"line":29,"column":73}},"15":{"start":{"line":31,"column":8},"end":{"line":37,"column":9}},"16":{"start":{"line":32,"column":12},"end":{"line":36,"column":13}},"17":{"start":{"line":33,"column":16},"end":{"line":33,"column":60}},"18":{"start":{"line":34,"column":16},"end":{"line":34,"column":53}},"19":{"start":{"line":35,"column":16},"end":{"line":35,"column":39}},"20":{"start":{"line":42,"column":4},"end":{"line":47,"column":3}}},"fnMap":{"0":{"name":"UserInfo","decl":{"start":{"line":9,"column":9},"end":{"line":9,"column":17}},"loc":{"start":{"line":9,"column":41},"end":{"line":48,"column":1}},"line":9},"1":{"name":"(anonymous_1)","decl":{"start":{"line":14,"column":14},"end":{"line":14,"column":15}},"loc":{"start":{"line":14,"column":20},"end":{"line":38,"column":5}},"line":14},"2":{"name":"(anonymous_2)","decl":{"start":{"line":31,"column":15},"end":{"line":31,"column":16}},"loc":{"start":{"line":31,"column":21},"end":{"line":37,"column":9}},"line":31}},"branchMap":{"0":{"loc":{"start":{"line":19,"column":8},"end":{"line":30,"column":9}},"type":"if","locations":[{"start":{"line":19,"column":8},"end":{"line":30,"column":9}},{"start":{"line":24,"column":15},"end":{"line":30,"column":9}}],"line":19},"1":{"loc":{"start":{"line":24,"column":15},"end":{"line":30,"column":9}},"type":"if","locations":[{"start":{"line":24,"column":15},"end":{"line":30,"column":9}},{"start":{"line":28,"column":15},"end":{"line":30,"column":9}}],"line":24},"2":{"loc":{"start":{"line":32,"column":12},"end":{"line":36,"column":13}},"type":"if","locations":[{"start":{"line":32,"column":12},"end":{"line":36,"column":13}},{"start":{},"end":{}}],"line":32},"3":{"loc":{"start":{"line":44,"column":22},"end":{"line":44,"column":49}},"type":"binary-expr","locations":[{"start":{"line":44,"column":22},"end":{"line":44,"column":34}},{"start":{"line":44,"column":38},"end":{"line":44,"column":49}}],"line":44},"4":{"loc":{"start":{"line":45,"column":16},"end":{"line":45,"column":61}},"type":"cond-expr","locations":[{"start":{"line":45,"column":23},"end":{"line":45,"column":41}},{"start":{"line":45,"column":44},"end":{"line":45,"column":61}}],"line":45}},"s":{"0":10,"1":10,"2":10,"3":7,"4":7,"5":7,"6":3,"7":3,"8":3,"9":3,"10":4,"11":1,"12":1,"13":1,"14":3,"15":7,"16":7,"17":3,"18":3,"19":3,"20":10},"f":{"0":10,"1":7,"2":7},"b":{"0":[3,4],"1":[1,3],"2":[3,4],"3":[10,7],"4":[8,2]},"_coverageSchema":"1a1c01bbd47fc00a2c39e90264f33305004495a9","hash":"bf825cdec87b2446ef08cb1838d86dbe7bbe7276"}
}
