TN:
SF:src\componants\backend\cookies.tsx
FN:4,(anonymous_0)
FN:7,(anonymous_1)
FN:14,(anonymous_2)
FNF:3
FNH:3
FNDA:9,(anonymous_0)
FNDA:22,(anonymous_1)
FNDA:15,(anonymous_2)
DA:4,3
DA:5,9
DA:7,3
DA:8,22
DA:9,22
DA:10,15
DA:12,7
DA:14,3
DA:15,15
LF:9
LH:9
BRDA:5,0,0,9
BRDA:5,0,1,1
BRDA:9,1,0,15
BRDA:9,1,1,7
BRF:4
BRH:4
end_of_record
TN:
SF:src\componants\backend\fetchData.tsx
FN:17,createUser
FN:18,(anonymous_1)
FN:20,(anonymous_2)
FN:21,(anonymous_3)
FN:35,(anonymous_4)
FN:36,(anonymous_5)
FN:37,(anonymous_6)
FN:44,(anonymous_7)
FN:52,(anonymous_8)
FN:59,verifyPassword
FN:60,(anonymous_10)
FN:62,(anonymous_11)
FN:63,(anonymous_12)
FN:70,(anonymous_13)
FN:77,toggleChildIsAttending
FN:78,(anonymous_15)
FN:85,(anonymous_16)
FN:86,(anonymous_17)
FN:89,(anonymous_18)
FN:96,toggleUserRoom
FN:97,(anonymous_20)
FN:104,(anonymous_21)
FN:105,(anonymous_22)
FN:108,(anonymous_23)
FN:115,createChildrenList
FN:116,(anonymous_25)
FN:123,(anonymous_26)
FN:124,(anonymous_27)
FN:129,(anonymous_28)
FN:130,(anonymous_29)
FN:131,(anonymous_30)
FN:149,(anonymous_31)
FN:156,getChildrenByRoomName
FN:157,(anonymous_33)
FN:162,(anonymous_34)
FN:163,(anonymous_35)
FN:168,(anonymous_36)
FN:186,(anonymous_37)
FN:193,getEducatorsByRoomName
FN:194,(anonymous_39)
FN:199,(anonymous_40)
FN:200,(anonymous_41)
FN:204,(anonymous_42)
FN:210,(anonymous_43)
FNF:44
FNH:44
FNDA:13,createUser
FNDA:13,(anonymous_1)
FNDA:8,(anonymous_2)
FNDA:8,(anonymous_3)
FNDA:6,(anonymous_4)
FNDA:6,(anonymous_5)
FNDA:2,(anonymous_6)
FNDA:1,(anonymous_7)
FNDA:4,(anonymous_8)
FNDA:3,verifyPassword
FNDA:3,(anonymous_10)
FNDA:2,(anonymous_11)
FNDA:2,(anonymous_12)
FNDA:1,(anonymous_13)
FNDA:5,toggleChildIsAttending
FNDA:5,(anonymous_15)
FNDA:1,(anonymous_16)
FNDA:1,(anonymous_17)
FNDA:2,(anonymous_18)
FNDA:3,toggleUserRoom
FNDA:3,(anonymous_20)
FNDA:2,(anonymous_21)
FNDA:2,(anonymous_22)
FNDA:1,(anonymous_23)
FNDA:5,createChildrenList
FNDA:5,(anonymous_25)
FNDA:3,(anonymous_26)
FNDA:3,(anonymous_27)
FNDA:3,(anonymous_28)
FNDA:3,(anonymous_29)
FNDA:2,(anonymous_30)
FNDA:1,(anonymous_31)
FNDA:4,getChildrenByRoomName
FNDA:4,(anonymous_33)
FNDA:3,(anonymous_34)
FNDA:3,(anonymous_35)
FNDA:2,(anonymous_36)
FNDA:1,(anonymous_37)
FNDA:3,getEducatorsByRoomName
FNDA:3,(anonymous_39)
FNDA:2,(anonymous_40)
FNDA:2,(anonymous_41)
FNDA:2,(anonymous_42)
FNDA:1,(anonymous_43)
DA:15,7
DA:18,13
DA:19,13
DA:20,8
DA:22,8
DA:23,8
DA:24,8
DA:25,6
DA:27,8
DA:28,6
DA:30,8
DA:31,6
DA:33,8
DA:34,7
DA:35,6
DA:37,6
DA:38,2
DA:39,2
DA:40,2
DA:42,6
DA:45,1
DA:46,1
DA:49,1
DA:53,4
DA:54,4
DA:60,3
DA:61,3
DA:62,2
DA:64,2
DA:65,1
DA:66,1
DA:67,1
DA:71,1
DA:72,1
DA:78,5
DA:79,5
DA:85,1
DA:87,1
DA:90,2
DA:91,2
DA:97,3
DA:98,3
DA:104,2
DA:106,2
DA:109,1
DA:110,1
DA:116,5
DA:119,5
DA:122,5
DA:123,3
DA:125,3
DA:127,3
DA:129,3
DA:131,3
DA:132,2
DA:133,1
DA:135,1
DA:139,2
DA:140,2
DA:141,2
DA:142,2
DA:143,2
DA:145,2
DA:147,3
DA:150,1
DA:151,1
DA:157,4
DA:158,4
DA:161,4
DA:162,3
DA:164,3
DA:165,1
DA:166,1
DA:168,2
DA:169,2
DA:170,1
DA:172,1
DA:176,2
DA:177,2
DA:178,2
DA:179,2
DA:180,2
DA:182,2
DA:184,2
DA:187,1
DA:188,1
DA:194,3
DA:195,3
DA:198,3
DA:199,2
DA:201,2
DA:202,1
DA:204,2
DA:205,2
DA:206,2
DA:208,2
DA:211,1
DA:212,1
LF:98
LH:98
BRDA:24,0,0,6
BRDA:24,0,1,2
BRDA:27,1,0,6
BRDA:27,1,1,2
BRDA:30,2,0,6
BRDA:30,2,1,2
BRDA:33,3,0,7
BRDA:33,3,1,1
BRDA:64,4,0,1
BRDA:64,4,1,1
BRDA:66,5,0,1
BRDA:66,5,1,0
BRDA:132,6,0,1
BRDA:132,6,1,1
BRDA:164,7,0,1
BRDA:164,7,1,2
BRDA:169,8,0,1
BRDA:169,8,1,1
BRDA:201,9,0,1
BRDA:201,9,1,1
BRF:20
BRH:19
end_of_record
TN:
SF:src\componants\frontend\App.tsx
FN:21,App
FN:31,(anonymous_1)
FN:47,(anonymous_2)
FN:60,(anonymous_3)
FN:69,(anonymous_4)
FN:82,(anonymous_5)
FN:83,(anonymous_6)
FNF:7
FNH:7
FNDA:21,App
FNDA:15,(anonymous_1)
FNDA:17,(anonymous_2)
FNDA:4,(anonymous_3)
FNDA:1,(anonymous_4)
FNDA:3,(anonymous_5)
FNDA:3,(anonymous_6)
DA:22,21
DA:23,21
DA:25,21
DA:27,21
DA:28,21
DA:29,21
DA:31,21
DA:32,15
DA:33,10
DA:34,10
DA:35,10
DA:36,10
DA:37,10
DA:40,5
DA:41,5
DA:42,3
DA:47,21
DA:48,17
DA:49,17
DA:50,11
DA:51,11
DA:52,6
DA:53,1
DA:54,1
DA:55,1
DA:56,0
DA:59,5
DA:61,4
DA:62,4
DA:63,4
DA:64,4
DA:66,0
DA:70,1
DA:75,21
DA:83,3
DA:84,3
DA:85,3
DA:86,3
DA:87,3
DA:88,3
LF:40
LH:38
BRDA:21,0,0,9
BRDA:21,1,0,16
BRDA:23,2,0,5
BRDA:23,2,1,16
BRDA:32,3,0,10
BRDA:32,3,1,5
BRDA:41,4,0,3
BRDA:41,4,1,2
BRDA:49,5,0,11
BRDA:49,5,1,6
BRDA:49,6,0,17
BRDA:49,6,1,12
BRDA:52,7,0,1
BRDA:52,7,1,5
BRDA:52,8,0,6
BRDA:52,8,1,1
BRDA:55,9,0,0
BRDA:55,9,1,1
BRDA:56,10,0,0
BRDA:56,10,1,0
BRDA:63,11,0,4
BRDA:63,11,1,0
BRDA:96,12,0,10
BRDA:96,12,1,11
BRDA:97,13,0,1
BRDA:97,13,1,20
BRDA:97,14,0,21
BRDA:97,14,1,2
BRDA:100,15,0,1
BRDA:100,15,1,20
BRDA:100,16,0,21
BRDA:100,16,1,1
BRDA:101,17,0,4
BRDA:101,17,1,17
BRDA:101,18,0,21
BRDA:101,18,1,4
BRDA:104,19,0,4
BRDA:104,19,1,17
BRF:38
BRH:34
end_of_record
TN:
SF:src\componants\frontend\EducatorRoomData.tsx
FN:11,EducatorRoomData
FN:13,(anonymous_1)
FN:14,(anonymous_2)
FN:15,(anonymous_3)
FN:19,(anonymous_4)
FN:37,(anonymous_5)
FNF:6
FNH:6
FNDA:7,EducatorRoomData
FNDA:5,(anonymous_1)
FNDA:25,(anonymous_2)
FNDA:5,(anonymous_3)
FNDA:25,(anonymous_4)
FNDA:15,(anonymous_5)
DA:13,7
DA:14,25
DA:15,5
DA:17,5
DA:18,5
DA:20,25
DA:21,15
DA:24,3
DA:26,2
DA:30,5
DA:33,7
DA:35,7
DA:38,15
LF:13
LH:13
BRDA:41,0,0,10
BRDA:41,0,1,5
BRF:2
BRH:2
end_of_record
TN:
SF:src\componants\frontend\Login.tsx
FN:11,Login
FN:13,(anonymous_1)
FN:21,(anonymous_2)
FN:30,(anonymous_3)
FN:39,(anonymous_4)
FN:40,(anonymous_5)
FNF:6
FNH:1
FNDA:10,Login
FNDA:0,(anonymous_1)
FNDA:0,(anonymous_2)
FNDA:0,(anonymous_3)
FNDA:0,(anonymous_4)
FNDA:0,(anonymous_5)
DA:13,10
DA:14,0
DA:16,0
DA:17,0
DA:18,0
DA:20,0
DA:22,0
DA:23,0
DA:24,0
DA:25,0
DA:27,0
DA:31,0
DA:32,0
DA:36,10
DA:39,0
DA:40,0
LF:16
LH:2
BRDA:22,0,0,0
BRDA:22,0,1,0
BRF:2
BRH:0
end_of_record
TN:
SF:src\componants\frontend\ProfileDropdown.tsx
FN:14,ProfileDropdown
FN:15,(anonymous_1)
FNF:2
FNH:2
FNDA:2,ProfileDropdown
FNDA:1,(anonymous_1)
DA:15,2
DA:16,1
DA:17,1
DA:18,1
DA:19,1
DA:22,2
LF:6
LH:6
BRF:0
BRH:0
end_of_record
TN:
SF:src\componants\frontend\RoomToggle.tsx
FN:9,RoomToggle
FN:11,(anonymous_1)
FN:14,(anonymous_2)
FN:17,(anonymous_3)
FN:24,(anonymous_4)
FN:27,(anonymous_5)
FNF:6
FNH:6
FNDA:61,RoomToggle
FNDA:5,(anonymous_1)
FNDA:1,(anonymous_2)
FNDA:1,(anonymous_3)
FNDA:2,(anonymous_4)
FNDA:1,(anonymous_5)
DA:11,61
DA:12,5
DA:13,2
DA:15,1
DA:18,1
DA:23,3
DA:25,2
DA:28,1
DA:33,61
LF:9
LH:9
BRDA:12,0,0,2
BRDA:12,0,1,3
BRDA:35,1,0,13
BRDA:35,1,1,48
BRF:4
BRH:4
end_of_record
TN:
SF:src\componants\frontend\RoomToggles.tsx
FN:10,RoomToggles
FN:21,(anonymous_1)
FN:22,(anonymous_2)
FN:31,(anonymous_3)
FN:35,(anonymous_4)
FN:36,(anonymous_5)
FN:37,(anonymous_6)
FN:55,(anonymous_7)
FN:62,(anonymous_8)
FNF:9
FNH:9
FNDA:16,RoomToggles
FNDA:10,(anonymous_1)
FNDA:23,(anonymous_2)
FNDA:10,(anonymous_3)
FNDA:2,(anonymous_4)
FNDA:2,(anonymous_5)
FNDA:10,(anonymous_6)
FNDA:80,(anonymous_7)
FNDA:2,(anonymous_8)
DA:11,16
DA:19,16
DA:21,16
DA:22,23
DA:24,10
DA:25,7
DA:27,3
DA:31,16
DA:32,10
DA:35,16
DA:36,2
DA:37,2
DA:38,10
DA:39,10
DA:42,2
DA:46,16
DA:56,80
DA:62,2
LF:18
LH:18
BRDA:24,0,0,7
BRDA:24,0,1,3
BRDA:38,1,0,2
BRDA:38,1,1,8
BRDA:51,2,0,12
BRDA:51,2,1,4
BRF:6
BRH:6
end_of_record
TN:
SF:src\componants\frontend\SwitchList.tsx
FN:10,SwitchList
FN:13,(anonymous_1)
FN:15,(anonymous_2)
FN:23,(anonymous_3)
FNF:4
FNH:4
FNDA:4,SwitchList
FNDA:3,(anonymous_1)
FNDA:2,(anonymous_2)
FNDA:2,(anonymous_3)
DA:11,4
DA:13,4
DA:14,3
DA:16,2
DA:19,4
DA:24,2
LF:6
LH:6
BRF:0
BRH:0
end_of_record
TN:
SF:src\componants\frontend\Toggle.tsx
FN:9,Toggle
FN:12,(anonymous_1)
FN:13,(anonymous_2)
FNF:3
FNH:3
FNDA:9,Toggle
FNDA:2,(anonymous_1)
FNDA:2,(anonymous_2)
DA:10,9
DA:12,9
DA:13,2
DA:14,2
DA:15,2
DA:16,2
DA:20,9
LF:7
LH:7
BRDA:22,0,0,5
BRDA:22,0,1,4
BRF:2
BRH:2
end_of_record
TN:
SF:src\componants\frontend\UserInfo.tsx
FN:9,UserInfo
FN:14,(anonymous_1)
FN:31,(anonymous_2)
FNF:3
FNH:3
FNDA:10,UserInfo
FNDA:7,(anonymous_1)
FNDA:7,(anonymous_2)
DA:11,10
DA:12,10
DA:14,10
DA:16,7
DA:17,7
DA:19,7
DA:20,3
DA:21,3
DA:22,3
DA:23,3
DA:24,4
DA:25,1
DA:26,1
DA:27,1
DA:29,3
DA:31,7
DA:32,7
DA:33,3
DA:34,3
DA:35,3
DA:42,10
LF:21
LH:21
BRDA:19,0,0,3
BRDA:19,0,1,4
BRDA:24,1,0,1
BRDA:24,1,1,3
BRDA:32,2,0,3
BRDA:32,2,1,4
BRDA:44,3,0,10
BRDA:44,3,1,7
BRDA:45,4,0,8
BRDA:45,4,1,2
BRF:10
BRH:10
end_of_record
